<?xml version="1.0" encoding="UTF-8"?>
<testsuite name="advanced_Selenium.seleniumTest" tests="2" skipped="0" failures="0" errors="0" timestamp="2017-02-19T12:29:18" hostname="tastypotinc.private" time="45.046">
  <properties/>
  <testcase name="testChromeDriver" classname="advanced_Selenium.seleniumTest" time="22.289"/>
  <testcase name="testFirefoxDriver" classname="advanced_Selenium.seleniumTest" time="22.754"/>
  <system-out><![CDATA[04:29:22.438 [Forwarding newSession on session null to remote] DEBUG org.apache.http.client.protocol.RequestAddCookies - CookieSpec selected: default
04:29:22.565 [Forwarding newSession on session null to remote] DEBUG org.apache.http.client.protocol.RequestAuthCache - Auth cache not set in the context
04:29:22.617 [Forwarding newSession on session null to remote] DEBUG org.apache.http.impl.conn.PoolingHttpClientConnectionManager - Connection request: [route: {}->http://localhost:17016][total kept alive: 0; route allocated: 0 of 2000; total allocated: 0 of 2000]
04:29:22.765 [Forwarding newSession on session null to remote] DEBUG org.apache.http.impl.conn.PoolingHttpClientConnectionManager - Connection leased: [id: 0][route: {}->http://localhost:17016][total kept alive: 0; route allocated: 1 of 2000; total allocated: 1 of 2000]
04:29:22.768 [Forwarding newSession on session null to remote] DEBUG org.apache.http.impl.execchain.MainClientExec - Opening connection {}->http://localhost:17016
04:29:22.771 [Forwarding newSession on session null to remote] DEBUG org.apache.http.impl.conn.DefaultHttpClientConnectionOperator - Connecting to localhost/127.0.0.1:17016
04:29:22.774 [Forwarding newSession on session null to remote] DEBUG org.apache.http.impl.conn.DefaultHttpClientConnectionOperator - Connection established 127.0.0.1:50910<->127.0.0.1:17016
04:29:22.774 [Forwarding newSession on session null to remote] DEBUG org.apache.http.impl.conn.DefaultManagedHttpClientConnection - http-outgoing-0: set socket timeout to 10800000
04:29:22.775 [Forwarding newSession on session null to remote] DEBUG org.apache.http.impl.execchain.MainClientExec - Executing request POST /session HTTP/1.1
04:29:22.775 [Forwarding newSession on session null to remote] DEBUG org.apache.http.impl.execchain.MainClientExec - Target auth state: UNCHALLENGED
04:29:22.776 [Forwarding newSession on session null to remote] DEBUG org.apache.http.impl.execchain.MainClientExec - Proxy auth state: UNCHALLENGED
04:29:22.780 [Forwarding newSession on session null to remote] DEBUG org.apache.http.headers - http-outgoing-0 >> POST /session HTTP/1.1
04:29:22.780 [Forwarding newSession on session null to remote] DEBUG org.apache.http.headers - http-outgoing-0 >> Content-Type: application/json; charset=utf-8
04:29:22.780 [Forwarding newSession on session null to remote] DEBUG org.apache.http.headers - http-outgoing-0 >> Content-Length: 316
04:29:22.780 [Forwarding newSession on session null to remote] DEBUG org.apache.http.headers - http-outgoing-0 >> Host: localhost:17016
04:29:22.781 [Forwarding newSession on session null to remote] DEBUG org.apache.http.headers - http-outgoing-0 >> Connection: Keep-Alive
04:29:22.781 [Forwarding newSession on session null to remote] DEBUG org.apache.http.headers - http-outgoing-0 >> User-Agent: Apache-HttpClient/4.5.2 (Java/1.8.0_121)
04:29:22.781 [Forwarding newSession on session null to remote] DEBUG org.apache.http.headers - http-outgoing-0 >> Accept-Encoding: gzip,deflate
04:29:22.782 [Forwarding newSession on session null to remote] DEBUG org.apache.http.wire - http-outgoing-0 >> "POST /session HTTP/1.1[\r][\n]"
04:29:22.782 [Forwarding newSession on session null to remote] DEBUG org.apache.http.wire - http-outgoing-0 >> "Content-Type: application/json; charset=utf-8[\r][\n]"
04:29:22.782 [Forwarding newSession on session null to remote] DEBUG org.apache.http.wire - http-outgoing-0 >> "Content-Length: 316[\r][\n]"
04:29:22.782 [Forwarding newSession on session null to remote] DEBUG org.apache.http.wire - http-outgoing-0 >> "Host: localhost:17016[\r][\n]"
04:29:22.782 [Forwarding newSession on session null to remote] DEBUG org.apache.http.wire - http-outgoing-0 >> "Connection: Keep-Alive[\r][\n]"
04:29:22.782 [Forwarding newSession on session null to remote] DEBUG org.apache.http.wire - http-outgoing-0 >> "User-Agent: Apache-HttpClient/4.5.2 (Java/1.8.0_121)[\r][\n]"
04:29:22.783 [Forwarding newSession on session null to remote] DEBUG org.apache.http.wire - http-outgoing-0 >> "Accept-Encoding: gzip,deflate[\r][\n]"
04:29:22.783 [Forwarding newSession on session null to remote] DEBUG org.apache.http.wire - http-outgoing-0 >> "[\r][\n]"
04:29:22.783 [Forwarding newSession on session null to remote] DEBUG org.apache.http.wire - http-outgoing-0 >> "{"capabilities":{"desiredCapabilities":{"browserName":"chrome","chromeOptions":{"args":[],"extensions":[]},"version":"","platform":"ANY"},"requiredCapabilities":null},"desiredCapabilities":{"browserName":"chrome","chromeOptions":{"args":[],"extensions":[]},"version":"","platform":"ANY"},"requiredCapabilities":null}"
04:29:26.120 [Forwarding newSession on session null to remote] DEBUG org.apache.http.wire - http-outgoing-0 << "HTTP/1.1 200 OK[\r][\n]"
04:29:26.120 [Forwarding newSession on session null to remote] DEBUG org.apache.http.wire - http-outgoing-0 << "Content-Length:764[\r][\n]"
04:29:26.120 [Forwarding newSession on session null to remote] DEBUG org.apache.http.wire - http-outgoing-0 << "Content-Type:application/json; charset=utf-8[\r][\n]"
04:29:26.120 [Forwarding newSession on session null to remote] DEBUG org.apache.http.wire - http-outgoing-0 << "Connection:close[\r][\n]"
04:29:26.121 [Forwarding newSession on session null to remote] DEBUG org.apache.http.wire - http-outgoing-0 << "[\r][\n]"
04:29:26.121 [Forwarding newSession on session null to remote] DEBUG org.apache.http.wire - http-outgoing-0 << "{"sessionId":"e706d8b704bc606aee3a80ca5fbc96fa","status":0,"value":{"acceptSslCerts":true,"applicationCacheEnabled":false,"browserConnectionEnabled":false,"browserName":"chrome","chrome":{"chromedriverVersion":"2.25.426935 (820a95b0b81d33e42712f9198c215f703412e1a1)","userDataDir":"/var/folders/d6/lnrxqp194zn2c1g3_02j1pdh0000gn/T/.org.chromium.Chromium.uv2KLq"},"cssSelectorsEnabled":true,"databaseEnabled":false,"handlesAlerts":true,"hasTouchScreen":false,"javascriptEnabled":true,"locationContextEnabled":true,"mobileEmulationEnabled":false,"nativeEvents":true,"networkConnectionEnabled":false,"pageLoadStrategy":"normal","platform":"Mac OS X","rotatable":false,"takesHeapSnapshot":true,"takesScreenshot":true,"version":"56.0.2924.87","webStorageEnabled":true}}"
04:29:26.133 [Forwarding newSession on session null to remote] DEBUG org.apache.http.headers - http-outgoing-0 << HTTP/1.1 200 OK
04:29:26.133 [Forwarding newSession on session null to remote] DEBUG org.apache.http.headers - http-outgoing-0 << Content-Length:764
04:29:26.133 [Forwarding newSession on session null to remote] DEBUG org.apache.http.headers - http-outgoing-0 << Content-Type:application/json; charset=utf-8
04:29:26.133 [Forwarding newSession on session null to remote] DEBUG org.apache.http.headers - http-outgoing-0 << Connection:close
04:29:26.157 [Forwarding newSession on session null to remote] DEBUG org.apache.http.impl.conn.DefaultManagedHttpClientConnection - http-outgoing-0: Close connection
04:29:26.158 [Forwarding newSession on session null to remote] DEBUG org.apache.http.impl.execchain.MainClientExec - Connection discarded
04:29:26.158 [Forwarding newSession on session null to remote] DEBUG org.apache.http.impl.conn.PoolingHttpClientConnectionManager - Connection released: [id: 0][route: {}->http://localhost:17016][total kept alive: 0; route allocated: 0 of 2000; total allocated: 0 of 2000]
04:29:26.197 [Forwarding setTimeout on session e706d8b704bc606aee3a80ca5fbc96fa to remote] DEBUG org.apache.http.client.protocol.RequestAddCookies - CookieSpec selected: default
04:29:26.197 [Forwarding setTimeout on session e706d8b704bc606aee3a80ca5fbc96fa to remote] DEBUG org.apache.http.client.protocol.RequestAuthCache - Auth cache not set in the context
04:29:26.198 [Forwarding setTimeout on session e706d8b704bc606aee3a80ca5fbc96fa to remote] DEBUG org.apache.http.impl.conn.PoolingHttpClientConnectionManager - Connection request: [route: {}->http://localhost:17016][total kept alive: 0; route allocated: 0 of 2000; total allocated: 0 of 2000]
04:29:26.201 [Forwarding setTimeout on session e706d8b704bc606aee3a80ca5fbc96fa to remote] DEBUG org.apache.http.impl.conn.PoolingHttpClientConnectionManager - Connection leased: [id: 1][route: {}->http://localhost:17016][total kept alive: 0; route allocated: 1 of 2000; total allocated: 1 of 2000]
04:29:26.202 [Forwarding setTimeout on session e706d8b704bc606aee3a80ca5fbc96fa to remote] DEBUG org.apache.http.impl.execchain.MainClientExec - Opening connection {}->http://localhost:17016
04:29:26.202 [Forwarding setTimeout on session e706d8b704bc606aee3a80ca5fbc96fa to remote] DEBUG org.apache.http.impl.conn.DefaultHttpClientConnectionOperator - Connecting to localhost/127.0.0.1:17016
04:29:26.203 [Forwarding setTimeout on session e706d8b704bc606aee3a80ca5fbc96fa to remote] DEBUG org.apache.http.impl.conn.DefaultHttpClientConnectionOperator - Connection established 127.0.0.1:50957<->127.0.0.1:17016
04:29:26.203 [Forwarding setTimeout on session e706d8b704bc606aee3a80ca5fbc96fa to remote] DEBUG org.apache.http.impl.conn.DefaultManagedHttpClientConnection - http-outgoing-1: set socket timeout to 10800000
04:29:26.203 [Forwarding setTimeout on session e706d8b704bc606aee3a80ca5fbc96fa to remote] DEBUG org.apache.http.impl.execchain.MainClientExec - Executing request POST /session/e706d8b704bc606aee3a80ca5fbc96fa/timeouts HTTP/1.1
04:29:26.203 [Forwarding setTimeout on session e706d8b704bc606aee3a80ca5fbc96fa to remote] DEBUG org.apache.http.impl.execchain.MainClientExec - Target auth state: UNCHALLENGED
04:29:26.204 [Forwarding setTimeout on session e706d8b704bc606aee3a80ca5fbc96fa to remote] DEBUG org.apache.http.impl.execchain.MainClientExec - Proxy auth state: UNCHALLENGED
04:29:26.204 [Forwarding setTimeout on session e706d8b704bc606aee3a80ca5fbc96fa to remote] DEBUG org.apache.http.headers - http-outgoing-1 >> POST /session/e706d8b704bc606aee3a80ca5fbc96fa/timeouts HTTP/1.1
04:29:26.204 [Forwarding setTimeout on session e706d8b704bc606aee3a80ca5fbc96fa to remote] DEBUG org.apache.http.headers - http-outgoing-1 >> Content-Type: application/json; charset=utf-8
04:29:26.204 [Forwarding setTimeout on session e706d8b704bc606aee3a80ca5fbc96fa to remote] DEBUG org.apache.http.headers - http-outgoing-1 >> Content-Length: 30
04:29:26.205 [Forwarding setTimeout on session e706d8b704bc606aee3a80ca5fbc96fa to remote] DEBUG org.apache.http.headers - http-outgoing-1 >> Host: localhost:17016
04:29:26.205 [Forwarding setTimeout on session e706d8b704bc606aee3a80ca5fbc96fa to remote] DEBUG org.apache.http.headers - http-outgoing-1 >> Connection: Keep-Alive
04:29:26.206 [Forwarding setTimeout on session e706d8b704bc606aee3a80ca5fbc96fa to remote] DEBUG org.apache.http.headers - http-outgoing-1 >> User-Agent: Apache-HttpClient/4.5.2 (Java/1.8.0_121)
04:29:26.207 [Forwarding setTimeout on session e706d8b704bc606aee3a80ca5fbc96fa to remote] DEBUG org.apache.http.headers - http-outgoing-1 >> Accept-Encoding: gzip,deflate
04:29:26.207 [Forwarding setTimeout on session e706d8b704bc606aee3a80ca5fbc96fa to remote] DEBUG org.apache.http.wire - http-outgoing-1 >> "POST /session/e706d8b704bc606aee3a80ca5fbc96fa/timeouts HTTP/1.1[\r][\n]"
04:29:26.208 [Forwarding setTimeout on session e706d8b704bc606aee3a80ca5fbc96fa to remote] DEBUG org.apache.http.wire - http-outgoing-1 >> "Content-Type: application/json; charset=utf-8[\r][\n]"
04:29:26.209 [Forwarding setTimeout on session e706d8b704bc606aee3a80ca5fbc96fa to remote] DEBUG org.apache.http.wire - http-outgoing-1 >> "Content-Length: 30[\r][\n]"
04:29:26.212 [Forwarding setTimeout on session e706d8b704bc606aee3a80ca5fbc96fa to remote] DEBUG org.apache.http.wire - http-outgoing-1 >> "Host: localhost:17016[\r][\n]"
04:29:26.213 [Forwarding setTimeout on session e706d8b704bc606aee3a80ca5fbc96fa to remote] DEBUG org.apache.http.wire - http-outgoing-1 >> "Connection: Keep-Alive[\r][\n]"
04:29:26.214 [Forwarding setTimeout on session e706d8b704bc606aee3a80ca5fbc96fa to remote] DEBUG org.apache.http.wire - http-outgoing-1 >> "User-Agent: Apache-HttpClient/4.5.2 (Java/1.8.0_121)[\r][\n]"
04:29:26.215 [Forwarding setTimeout on session e706d8b704bc606aee3a80ca5fbc96fa to remote] DEBUG org.apache.http.wire - http-outgoing-1 >> "Accept-Encoding: gzip,deflate[\r][\n]"
04:29:26.217 [Forwarding setTimeout on session e706d8b704bc606aee3a80ca5fbc96fa to remote] DEBUG org.apache.http.wire - http-outgoing-1 >> "[\r][\n]"
04:29:26.217 [Forwarding setTimeout on session e706d8b704bc606aee3a80ca5fbc96fa to remote] DEBUG org.apache.http.wire - http-outgoing-1 >> "{"type":"implicit","ms":30000}"
04:29:26.219 [Forwarding setTimeout on session e706d8b704bc606aee3a80ca5fbc96fa to remote] DEBUG org.apache.http.wire - http-outgoing-1 << "HTTP/1.1 200 OK[\r][\n]"
04:29:26.219 [Forwarding setTimeout on session e706d8b704bc606aee3a80ca5fbc96fa to remote] DEBUG org.apache.http.wire - http-outgoing-1 << "Content-Length:72[\r][\n]"
04:29:26.219 [Forwarding setTimeout on session e706d8b704bc606aee3a80ca5fbc96fa to remote] DEBUG org.apache.http.wire - http-outgoing-1 << "Content-Type:application/json; charset=utf-8[\r][\n]"
04:29:26.220 [Forwarding setTimeout on session e706d8b704bc606aee3a80ca5fbc96fa to remote] DEBUG org.apache.http.wire - http-outgoing-1 << "Connection:close[\r][\n]"
04:29:26.220 [Forwarding setTimeout on session e706d8b704bc606aee3a80ca5fbc96fa to remote] DEBUG org.apache.http.wire - http-outgoing-1 << "[\r][\n]"
04:29:26.221 [Forwarding setTimeout on session e706d8b704bc606aee3a80ca5fbc96fa to remote] DEBUG org.apache.http.wire - http-outgoing-1 << "{"sessionId":"e706d8b704bc606aee3a80ca5fbc96fa","status":0,"value":null}"
04:29:26.223 [Forwarding setTimeout on session e706d8b704bc606aee3a80ca5fbc96fa to remote] DEBUG org.apache.http.headers - http-outgoing-1 << HTTP/1.1 200 OK
04:29:26.223 [Forwarding setTimeout on session e706d8b704bc606aee3a80ca5fbc96fa to remote] DEBUG org.apache.http.headers - http-outgoing-1 << Content-Length:72
04:29:26.224 [Forwarding setTimeout on session e706d8b704bc606aee3a80ca5fbc96fa to remote] DEBUG org.apache.http.headers - http-outgoing-1 << Content-Type:application/json; charset=utf-8
04:29:26.225 [Forwarding setTimeout on session e706d8b704bc606aee3a80ca5fbc96fa to remote] DEBUG org.apache.http.headers - http-outgoing-1 << Connection:close
04:29:26.231 [Forwarding setTimeout on session e706d8b704bc606aee3a80ca5fbc96fa to remote] DEBUG org.apache.http.impl.conn.DefaultManagedHttpClientConnection - http-outgoing-1: Close connection
04:29:26.238 [Forwarding setTimeout on session e706d8b704bc606aee3a80ca5fbc96fa to remote] DEBUG org.apache.http.impl.execchain.MainClientExec - Connection discarded
04:29:26.238 [Forwarding setTimeout on session e706d8b704bc606aee3a80ca5fbc96fa to remote] DEBUG org.apache.http.impl.conn.PoolingHttpClientConnectionManager - Connection released: [id: 1][route: {}->http://localhost:17016][total kept alive: 0; route allocated: 0 of 2000; total allocated: 0 of 2000]
04:29:26.244 [Forwarding get on session e706d8b704bc606aee3a80ca5fbc96fa to remote] DEBUG org.apache.http.client.protocol.RequestAddCookies - CookieSpec selected: default
04:29:26.244 [Forwarding get on session e706d8b704bc606aee3a80ca5fbc96fa to remote] DEBUG org.apache.http.client.protocol.RequestAuthCache - Auth cache not set in the context
04:29:26.244 [Forwarding get on session e706d8b704bc606aee3a80ca5fbc96fa to remote] DEBUG org.apache.http.impl.conn.PoolingHttpClientConnectionManager - Connection request: [route: {}->http://localhost:17016][total kept alive: 0; route allocated: 0 of 2000; total allocated: 0 of 2000]
04:29:26.245 [Forwarding get on session e706d8b704bc606aee3a80ca5fbc96fa to remote] DEBUG org.apache.http.impl.conn.PoolingHttpClientConnectionManager - Connection leased: [id: 2][route: {}->http://localhost:17016][total kept alive: 0; route allocated: 1 of 2000; total allocated: 1 of 2000]
04:29:26.245 [Forwarding get on session e706d8b704bc606aee3a80ca5fbc96fa to remote] DEBUG org.apache.http.impl.execchain.MainClientExec - Opening connection {}->http://localhost:17016
04:29:26.245 [Forwarding get on session e706d8b704bc606aee3a80ca5fbc96fa to remote] DEBUG org.apache.http.impl.conn.DefaultHttpClientConnectionOperator - Connecting to localhost/127.0.0.1:17016
04:29:26.246 [Forwarding get on session e706d8b704bc606aee3a80ca5fbc96fa to remote] DEBUG org.apache.http.impl.conn.DefaultHttpClientConnectionOperator - Connection established 127.0.0.1:50958<->127.0.0.1:17016
04:29:26.246 [Forwarding get on session e706d8b704bc606aee3a80ca5fbc96fa to remote] DEBUG org.apache.http.impl.conn.DefaultManagedHttpClientConnection - http-outgoing-2: set socket timeout to 10800000
04:29:26.247 [Forwarding get on session e706d8b704bc606aee3a80ca5fbc96fa to remote] DEBUG org.apache.http.impl.execchain.MainClientExec - Executing request POST /session/e706d8b704bc606aee3a80ca5fbc96fa/url HTTP/1.1
04:29:26.247 [Forwarding get on session e706d8b704bc606aee3a80ca5fbc96fa to remote] DEBUG org.apache.http.impl.execchain.MainClientExec - Target auth state: UNCHALLENGED
04:29:26.247 [Forwarding get on session e706d8b704bc606aee3a80ca5fbc96fa to remote] DEBUG org.apache.http.impl.execchain.MainClientExec - Proxy auth state: UNCHALLENGED
04:29:26.247 [Forwarding get on session e706d8b704bc606aee3a80ca5fbc96fa to remote] DEBUG org.apache.http.headers - http-outgoing-2 >> POST /session/e706d8b704bc606aee3a80ca5fbc96fa/url HTTP/1.1
04:29:26.247 [Forwarding get on session e706d8b704bc606aee3a80ca5fbc96fa to remote] DEBUG org.apache.http.headers - http-outgoing-2 >> Content-Type: application/json; charset=utf-8
04:29:26.247 [Forwarding get on session e706d8b704bc606aee3a80ca5fbc96fa to remote] DEBUG org.apache.http.headers - http-outgoing-2 >> Content-Length: 33
04:29:26.247 [Forwarding get on session e706d8b704bc606aee3a80ca5fbc96fa to remote] DEBUG org.apache.http.headers - http-outgoing-2 >> Host: localhost:17016
04:29:26.248 [Forwarding get on session e706d8b704bc606aee3a80ca5fbc96fa to remote] DEBUG org.apache.http.headers - http-outgoing-2 >> Connection: Keep-Alive
04:29:26.248 [Forwarding get on session e706d8b704bc606aee3a80ca5fbc96fa to remote] DEBUG org.apache.http.headers - http-outgoing-2 >> User-Agent: Apache-HttpClient/4.5.2 (Java/1.8.0_121)
04:29:26.248 [Forwarding get on session e706d8b704bc606aee3a80ca5fbc96fa to remote] DEBUG org.apache.http.headers - http-outgoing-2 >> Accept-Encoding: gzip,deflate
04:29:26.248 [Forwarding get on session e706d8b704bc606aee3a80ca5fbc96fa to remote] DEBUG org.apache.http.wire - http-outgoing-2 >> "POST /session/e706d8b704bc606aee3a80ca5fbc96fa/url HTTP/1.1[\r][\n]"
04:29:26.248 [Forwarding get on session e706d8b704bc606aee3a80ca5fbc96fa to remote] DEBUG org.apache.http.wire - http-outgoing-2 >> "Content-Type: application/json; charset=utf-8[\r][\n]"
04:29:26.249 [Forwarding get on session e706d8b704bc606aee3a80ca5fbc96fa to remote] DEBUG org.apache.http.wire - http-outgoing-2 >> "Content-Length: 33[\r][\n]"
04:29:26.249 [Forwarding get on session e706d8b704bc606aee3a80ca5fbc96fa to remote] DEBUG org.apache.http.wire - http-outgoing-2 >> "Host: localhost:17016[\r][\n]"
04:29:26.249 [Forwarding get on session e706d8b704bc606aee3a80ca5fbc96fa to remote] DEBUG org.apache.http.wire - http-outgoing-2 >> "Connection: Keep-Alive[\r][\n]"
04:29:26.249 [Forwarding get on session e706d8b704bc606aee3a80ca5fbc96fa to remote] DEBUG org.apache.http.wire - http-outgoing-2 >> "User-Agent: Apache-HttpClient/4.5.2 (Java/1.8.0_121)[\r][\n]"
04:29:26.249 [Forwarding get on session e706d8b704bc606aee3a80ca5fbc96fa to remote] DEBUG org.apache.http.wire - http-outgoing-2 >> "Accept-Encoding: gzip,deflate[\r][\n]"
04:29:26.249 [Forwarding get on session e706d8b704bc606aee3a80ca5fbc96fa to remote] DEBUG org.apache.http.wire - http-outgoing-2 >> "[\r][\n]"
04:29:26.250 [Forwarding get on session e706d8b704bc606aee3a80ca5fbc96fa to remote] DEBUG org.apache.http.wire - http-outgoing-2 >> "{"url":"https://www.google.com/"}"
04:29:34.284 [Forwarding get on session e706d8b704bc606aee3a80ca5fbc96fa to remote] DEBUG org.apache.http.wire - http-outgoing-2 << "HTTP/1.1 200 OK[\r][\n]"
04:29:34.284 [Forwarding get on session e706d8b704bc606aee3a80ca5fbc96fa to remote] DEBUG org.apache.http.wire - http-outgoing-2 << "Content-Length:72[\r][\n]"
04:29:34.285 [Forwarding get on session e706d8b704bc606aee3a80ca5fbc96fa to remote] DEBUG org.apache.http.wire - http-outgoing-2 << "Content-Type:application/json; charset=utf-8[\r][\n]"
04:29:34.285 [Forwarding get on session e706d8b704bc606aee3a80ca5fbc96fa to remote] DEBUG org.apache.http.wire - http-outgoing-2 << "Connection:close[\r][\n]"
04:29:34.285 [Forwarding get on session e706d8b704bc606aee3a80ca5fbc96fa to remote] DEBUG org.apache.http.wire - http-outgoing-2 << "[\r][\n]"
04:29:34.285 [Forwarding get on session e706d8b704bc606aee3a80ca5fbc96fa to remote] DEBUG org.apache.http.wire - http-outgoing-2 << "{"sessionId":"e706d8b704bc606aee3a80ca5fbc96fa","status":0,"value":null}"
04:29:34.285 [Forwarding get on session e706d8b704bc606aee3a80ca5fbc96fa to remote] DEBUG org.apache.http.headers - http-outgoing-2 << HTTP/1.1 200 OK
04:29:34.285 [Forwarding get on session e706d8b704bc606aee3a80ca5fbc96fa to remote] DEBUG org.apache.http.headers - http-outgoing-2 << Content-Length:72
04:29:34.285 [Forwarding get on session e706d8b704bc606aee3a80ca5fbc96fa to remote] DEBUG org.apache.http.headers - http-outgoing-2 << Content-Type:application/json; charset=utf-8
04:29:34.286 [Forwarding get on session e706d8b704bc606aee3a80ca5fbc96fa to remote] DEBUG org.apache.http.headers - http-outgoing-2 << Connection:close
04:29:34.286 [Forwarding get on session e706d8b704bc606aee3a80ca5fbc96fa to remote] DEBUG org.apache.http.impl.conn.DefaultManagedHttpClientConnection - http-outgoing-2: Close connection
04:29:34.286 [Forwarding get on session e706d8b704bc606aee3a80ca5fbc96fa to remote] DEBUG org.apache.http.impl.execchain.MainClientExec - Connection discarded
04:29:34.286 [Forwarding get on session e706d8b704bc606aee3a80ca5fbc96fa to remote] DEBUG org.apache.http.impl.conn.PoolingHttpClientConnectionManager - Connection released: [id: 2][route: {}->http://localhost:17016][total kept alive: 0; route allocated: 0 of 2000; total allocated: 0 of 2000]
04:29:34.295 [Forwarding findElement on session e706d8b704bc606aee3a80ca5fbc96fa to remote] DEBUG org.apache.http.client.protocol.RequestAddCookies - CookieSpec selected: default
04:29:34.295 [Forwarding findElement on session e706d8b704bc606aee3a80ca5fbc96fa to remote] DEBUG org.apache.http.client.protocol.RequestAuthCache - Auth cache not set in the context
04:29:34.295 [Forwarding findElement on session e706d8b704bc606aee3a80ca5fbc96fa to remote] DEBUG org.apache.http.impl.conn.PoolingHttpClientConnectionManager - Connection request: [route: {}->http://localhost:17016][total kept alive: 0; route allocated: 0 of 2000; total allocated: 0 of 2000]
04:29:34.296 [Forwarding findElement on session e706d8b704bc606aee3a80ca5fbc96fa to remote] DEBUG org.apache.http.impl.conn.PoolingHttpClientConnectionManager - Connection leased: [id: 3][route: {}->http://localhost:17016][total kept alive: 0; route allocated: 1 of 2000; total allocated: 1 of 2000]
04:29:34.296 [Forwarding findElement on session e706d8b704bc606aee3a80ca5fbc96fa to remote] DEBUG org.apache.http.impl.execchain.MainClientExec - Opening connection {}->http://localhost:17016
04:29:34.296 [Forwarding findElement on session e706d8b704bc606aee3a80ca5fbc96fa to remote] DEBUG org.apache.http.impl.conn.DefaultHttpClientConnectionOperator - Connecting to localhost/127.0.0.1:17016
04:29:34.297 [Forwarding findElement on session e706d8b704bc606aee3a80ca5fbc96fa to remote] DEBUG org.apache.http.impl.conn.DefaultHttpClientConnectionOperator - Connection established 127.0.0.1:50981<->127.0.0.1:17016
04:29:34.297 [Forwarding findElement on session e706d8b704bc606aee3a80ca5fbc96fa to remote] DEBUG org.apache.http.impl.conn.DefaultManagedHttpClientConnection - http-outgoing-3: set socket timeout to 10800000
04:29:34.297 [Forwarding findElement on session e706d8b704bc606aee3a80ca5fbc96fa to remote] DEBUG org.apache.http.impl.execchain.MainClientExec - Executing request POST /session/e706d8b704bc606aee3a80ca5fbc96fa/element HTTP/1.1
04:29:34.297 [Forwarding findElement on session e706d8b704bc606aee3a80ca5fbc96fa to remote] DEBUG org.apache.http.impl.execchain.MainClientExec - Target auth state: UNCHALLENGED
04:29:34.297 [Forwarding findElement on session e706d8b704bc606aee3a80ca5fbc96fa to remote] DEBUG org.apache.http.impl.execchain.MainClientExec - Proxy auth state: UNCHALLENGED
04:29:34.297 [Forwarding findElement on session e706d8b704bc606aee3a80ca5fbc96fa to remote] DEBUG org.apache.http.headers - http-outgoing-3 >> POST /session/e706d8b704bc606aee3a80ca5fbc96fa/element HTTP/1.1
04:29:34.297 [Forwarding findElement on session e706d8b704bc606aee3a80ca5fbc96fa to remote] DEBUG org.apache.http.headers - http-outgoing-3 >> Content-Type: application/json; charset=utf-8
04:29:34.298 [Forwarding findElement on session e706d8b704bc606aee3a80ca5fbc96fa to remote] DEBUG org.apache.http.headers - http-outgoing-3 >> Content-Length: 31
04:29:34.298 [Forwarding findElement on session e706d8b704bc606aee3a80ca5fbc96fa to remote] DEBUG org.apache.http.headers - http-outgoing-3 >> Host: localhost:17016
04:29:34.298 [Forwarding findElement on session e706d8b704bc606aee3a80ca5fbc96fa to remote] DEBUG org.apache.http.headers - http-outgoing-3 >> Connection: Keep-Alive
04:29:34.298 [Forwarding findElement on session e706d8b704bc606aee3a80ca5fbc96fa to remote] DEBUG org.apache.http.headers - http-outgoing-3 >> User-Agent: Apache-HttpClient/4.5.2 (Java/1.8.0_121)
04:29:34.298 [Forwarding findElement on session e706d8b704bc606aee3a80ca5fbc96fa to remote] DEBUG org.apache.http.headers - http-outgoing-3 >> Accept-Encoding: gzip,deflate
04:29:34.298 [Forwarding findElement on session e706d8b704bc606aee3a80ca5fbc96fa to remote] DEBUG org.apache.http.wire - http-outgoing-3 >> "POST /session/e706d8b704bc606aee3a80ca5fbc96fa/element HTTP/1.1[\r][\n]"
04:29:34.298 [Forwarding findElement on session e706d8b704bc606aee3a80ca5fbc96fa to remote] DEBUG org.apache.http.wire - http-outgoing-3 >> "Content-Type: application/json; charset=utf-8[\r][\n]"
04:29:34.298 [Forwarding findElement on session e706d8b704bc606aee3a80ca5fbc96fa to remote] DEBUG org.apache.http.wire - http-outgoing-3 >> "Content-Length: 31[\r][\n]"
04:29:34.298 [Forwarding findElement on session e706d8b704bc606aee3a80ca5fbc96fa to remote] DEBUG org.apache.http.wire - http-outgoing-3 >> "Host: localhost:17016[\r][\n]"
04:29:34.298 [Forwarding findElement on session e706d8b704bc606aee3a80ca5fbc96fa to remote] DEBUG org.apache.http.wire - http-outgoing-3 >> "Connection: Keep-Alive[\r][\n]"
04:29:34.298 [Forwarding findElement on session e706d8b704bc606aee3a80ca5fbc96fa to remote] DEBUG org.apache.http.wire - http-outgoing-3 >> "User-Agent: Apache-HttpClient/4.5.2 (Java/1.8.0_121)[\r][\n]"
04:29:34.298 [Forwarding findElement on session e706d8b704bc606aee3a80ca5fbc96fa to remote] DEBUG org.apache.http.wire - http-outgoing-3 >> "Accept-Encoding: gzip,deflate[\r][\n]"
04:29:34.299 [Forwarding findElement on session e706d8b704bc606aee3a80ca5fbc96fa to remote] DEBUG org.apache.http.wire - http-outgoing-3 >> "[\r][\n]"
04:29:34.299 [Forwarding findElement on session e706d8b704bc606aee3a80ca5fbc96fa to remote] DEBUG org.apache.http.wire - http-outgoing-3 >> "{"using":"id","value":"lst-ib"}"
04:29:34.320 [Forwarding findElement on session e706d8b704bc606aee3a80ca5fbc96fa to remote] DEBUG org.apache.http.wire - http-outgoing-3 << "HTTP/1.1 200 OK[\r][\n]"
04:29:34.321 [Forwarding findElement on session e706d8b704bc606aee3a80ca5fbc96fa to remote] DEBUG org.apache.http.wire - http-outgoing-3 << "Content-Length:104[\r][\n]"
04:29:34.321 [Forwarding findElement on session e706d8b704bc606aee3a80ca5fbc96fa to remote] DEBUG org.apache.http.wire - http-outgoing-3 << "Content-Type:application/json; charset=utf-8[\r][\n]"
04:29:34.321 [Forwarding findElement on session e706d8b704bc606aee3a80ca5fbc96fa to remote] DEBUG org.apache.http.wire - http-outgoing-3 << "Connection:close[\r][\n]"
04:29:34.322 [Forwarding findElement on session e706d8b704bc606aee3a80ca5fbc96fa to remote] DEBUG org.apache.http.wire - http-outgoing-3 << "[\r][\n]"
04:29:34.322 [Forwarding findElement on session e706d8b704bc606aee3a80ca5fbc96fa to remote] DEBUG org.apache.http.wire - http-outgoing-3 << "{"sessionId":"e706d8b704bc606aee3a80ca5fbc96fa","status":0,"value":{"ELEMENT":"0.020591876931924435-1"}}"
04:29:34.322 [Forwarding findElement on session e706d8b704bc606aee3a80ca5fbc96fa to remote] DEBUG org.apache.http.headers - http-outgoing-3 << HTTP/1.1 200 OK
04:29:34.322 [Forwarding findElement on session e706d8b704bc606aee3a80ca5fbc96fa to remote] DEBUG org.apache.http.headers - http-outgoing-3 << Content-Length:104
04:29:34.322 [Forwarding findElement on session e706d8b704bc606aee3a80ca5fbc96fa to remote] DEBUG org.apache.http.headers - http-outgoing-3 << Content-Type:application/json; charset=utf-8
04:29:34.322 [Forwarding findElement on session e706d8b704bc606aee3a80ca5fbc96fa to remote] DEBUG org.apache.http.headers - http-outgoing-3 << Connection:close
04:29:34.322 [Forwarding findElement on session e706d8b704bc606aee3a80ca5fbc96fa to remote] DEBUG org.apache.http.impl.conn.DefaultManagedHttpClientConnection - http-outgoing-3: Close connection
04:29:34.322 [Forwarding findElement on session e706d8b704bc606aee3a80ca5fbc96fa to remote] DEBUG org.apache.http.impl.execchain.MainClientExec - Connection discarded
04:29:34.323 [Forwarding findElement on session e706d8b704bc606aee3a80ca5fbc96fa to remote] DEBUG org.apache.http.impl.conn.PoolingHttpClientConnectionManager - Connection released: [id: 3][route: {}->http://localhost:17016][total kept alive: 0; route allocated: 0 of 2000; total allocated: 0 of 2000]
04:29:34.331 [Forwarding clickElement on session e706d8b704bc606aee3a80ca5fbc96fa to remote] DEBUG org.apache.http.client.protocol.RequestAddCookies - CookieSpec selected: default
04:29:34.332 [Forwarding clickElement on session e706d8b704bc606aee3a80ca5fbc96fa to remote] DEBUG org.apache.http.client.protocol.RequestAuthCache - Auth cache not set in the context
04:29:34.332 [Forwarding clickElement on session e706d8b704bc606aee3a80ca5fbc96fa to remote] DEBUG org.apache.http.impl.conn.PoolingHttpClientConnectionManager - Connection request: [route: {}->http://localhost:17016][total kept alive: 0; route allocated: 0 of 2000; total allocated: 0 of 2000]
04:29:34.332 [Forwarding clickElement on session e706d8b704bc606aee3a80ca5fbc96fa to remote] DEBUG org.apache.http.impl.conn.PoolingHttpClientConnectionManager - Connection leased: [id: 4][route: {}->http://localhost:17016][total kept alive: 0; route allocated: 1 of 2000; total allocated: 1 of 2000]
04:29:34.332 [Forwarding clickElement on session e706d8b704bc606aee3a80ca5fbc96fa to remote] DEBUG org.apache.http.impl.execchain.MainClientExec - Opening connection {}->http://localhost:17016
04:29:34.332 [Forwarding clickElement on session e706d8b704bc606aee3a80ca5fbc96fa to remote] DEBUG org.apache.http.impl.conn.DefaultHttpClientConnectionOperator - Connecting to localhost/127.0.0.1:17016
04:29:34.333 [Forwarding clickElement on session e706d8b704bc606aee3a80ca5fbc96fa to remote] DEBUG org.apache.http.impl.conn.DefaultHttpClientConnectionOperator - Connection established 127.0.0.1:50982<->127.0.0.1:17016
04:29:34.333 [Forwarding clickElement on session e706d8b704bc606aee3a80ca5fbc96fa to remote] DEBUG org.apache.http.impl.conn.DefaultManagedHttpClientConnection - http-outgoing-4: set socket timeout to 10800000
04:29:34.333 [Forwarding clickElement on session e706d8b704bc606aee3a80ca5fbc96fa to remote] DEBUG org.apache.http.impl.execchain.MainClientExec - Executing request POST /session/e706d8b704bc606aee3a80ca5fbc96fa/element/0.020591876931924435-1/click HTTP/1.1
04:29:34.333 [Forwarding clickElement on session e706d8b704bc606aee3a80ca5fbc96fa to remote] DEBUG org.apache.http.impl.execchain.MainClientExec - Target auth state: UNCHALLENGED
04:29:34.333 [Forwarding clickElement on session e706d8b704bc606aee3a80ca5fbc96fa to remote] DEBUG org.apache.http.impl.execchain.MainClientExec - Proxy auth state: UNCHALLENGED
04:29:34.334 [Forwarding clickElement on session e706d8b704bc606aee3a80ca5fbc96fa to remote] DEBUG org.apache.http.headers - http-outgoing-4 >> POST /session/e706d8b704bc606aee3a80ca5fbc96fa/element/0.020591876931924435-1/click HTTP/1.1
04:29:34.334 [Forwarding clickElement on session e706d8b704bc606aee3a80ca5fbc96fa to remote] DEBUG org.apache.http.headers - http-outgoing-4 >> Content-Type: application/json; charset=utf-8
04:29:34.334 [Forwarding clickElement on session e706d8b704bc606aee3a80ca5fbc96fa to remote] DEBUG org.apache.http.headers - http-outgoing-4 >> Content-Length: 31
04:29:34.334 [Forwarding clickElement on session e706d8b704bc606aee3a80ca5fbc96fa to remote] DEBUG org.apache.http.headers - http-outgoing-4 >> Host: localhost:17016
04:29:34.334 [Forwarding clickElement on session e706d8b704bc606aee3a80ca5fbc96fa to remote] DEBUG org.apache.http.headers - http-outgoing-4 >> Connection: Keep-Alive
04:29:34.334 [Forwarding clickElement on session e706d8b704bc606aee3a80ca5fbc96fa to remote] DEBUG org.apache.http.headers - http-outgoing-4 >> User-Agent: Apache-HttpClient/4.5.2 (Java/1.8.0_121)
04:29:34.334 [Forwarding clickElement on session e706d8b704bc606aee3a80ca5fbc96fa to remote] DEBUG org.apache.http.headers - http-outgoing-4 >> Accept-Encoding: gzip,deflate
04:29:34.334 [Forwarding clickElement on session e706d8b704bc606aee3a80ca5fbc96fa to remote] DEBUG org.apache.http.wire - http-outgoing-4 >> "POST /session/e706d8b704bc606aee3a80ca5fbc96fa/element/0.020591876931924435-1/click HTTP/1.1[\r][\n]"
04:29:34.334 [Forwarding clickElement on session e706d8b704bc606aee3a80ca5fbc96fa to remote] DEBUG org.apache.http.wire - http-outgoing-4 >> "Content-Type: application/json; charset=utf-8[\r][\n]"
04:29:34.334 [Forwarding clickElement on session e706d8b704bc606aee3a80ca5fbc96fa to remote] DEBUG org.apache.http.wire - http-outgoing-4 >> "Content-Length: 31[\r][\n]"
04:29:34.334 [Forwarding clickElement on session e706d8b704bc606aee3a80ca5fbc96fa to remote] DEBUG org.apache.http.wire - http-outgoing-4 >> "Host: localhost:17016[\r][\n]"
04:29:34.334 [Forwarding clickElement on session e706d8b704bc606aee3a80ca5fbc96fa to remote] DEBUG org.apache.http.wire - http-outgoing-4 >> "Connection: Keep-Alive[\r][\n]"
04:29:34.334 [Forwarding clickElement on session e706d8b704bc606aee3a80ca5fbc96fa to remote] DEBUG org.apache.http.wire - http-outgoing-4 >> "User-Agent: Apache-HttpClient/4.5.2 (Java/1.8.0_121)[\r][\n]"
04:29:34.334 [Forwarding clickElement on session e706d8b704bc606aee3a80ca5fbc96fa to remote] DEBUG org.apache.http.wire - http-outgoing-4 >> "Accept-Encoding: gzip,deflate[\r][\n]"
04:29:34.334 [Forwarding clickElement on session e706d8b704bc606aee3a80ca5fbc96fa to remote] DEBUG org.apache.http.wire - http-outgoing-4 >> "[\r][\n]"
04:29:34.334 [Forwarding clickElement on session e706d8b704bc606aee3a80ca5fbc96fa to remote] DEBUG org.apache.http.wire - http-outgoing-4 >> "{"id":"0.020591876931924435-1"}"
04:29:34.387 [Forwarding clickElement on session e706d8b704bc606aee3a80ca5fbc96fa to remote] DEBUG org.apache.http.wire - http-outgoing-4 << "HTTP/1.1 200 OK[\r][\n]"
04:29:34.388 [Forwarding clickElement on session e706d8b704bc606aee3a80ca5fbc96fa to remote] DEBUG org.apache.http.wire - http-outgoing-4 << "Content-Length:72[\r][\n]"
04:29:34.388 [Forwarding clickElement on session e706d8b704bc606aee3a80ca5fbc96fa to remote] DEBUG org.apache.http.wire - http-outgoing-4 << "Content-Type:application/json; charset=utf-8[\r][\n]"
04:29:34.389 [Forwarding clickElement on session e706d8b704bc606aee3a80ca5fbc96fa to remote] DEBUG org.apache.http.wire - http-outgoing-4 << "Connection:close[\r][\n]"
04:29:34.389 [Forwarding clickElement on session e706d8b704bc606aee3a80ca5fbc96fa to remote] DEBUG org.apache.http.wire - http-outgoing-4 << "[\r][\n]"
04:29:34.389 [Forwarding clickElement on session e706d8b704bc606aee3a80ca5fbc96fa to remote] DEBUG org.apache.http.wire - http-outgoing-4 << "{"sessionId":"e706d8b704bc606aee3a80ca5fbc96fa","status":0,"value":null}"
04:29:34.390 [Forwarding clickElement on session e706d8b704bc606aee3a80ca5fbc96fa to remote] DEBUG org.apache.http.headers - http-outgoing-4 << HTTP/1.1 200 OK
04:29:34.390 [Forwarding clickElement on session e706d8b704bc606aee3a80ca5fbc96fa to remote] DEBUG org.apache.http.headers - http-outgoing-4 << Content-Length:72
04:29:34.390 [Forwarding clickElement on session e706d8b704bc606aee3a80ca5fbc96fa to remote] DEBUG org.apache.http.headers - http-outgoing-4 << Content-Type:application/json; charset=utf-8
04:29:34.390 [Forwarding clickElement on session e706d8b704bc606aee3a80ca5fbc96fa to remote] DEBUG org.apache.http.headers - http-outgoing-4 << Connection:close
04:29:34.391 [Forwarding clickElement on session e706d8b704bc606aee3a80ca5fbc96fa to remote] DEBUG org.apache.http.impl.conn.DefaultManagedHttpClientConnection - http-outgoing-4: Close connection
04:29:34.391 [Forwarding clickElement on session e706d8b704bc606aee3a80ca5fbc96fa to remote] DEBUG org.apache.http.impl.execchain.MainClientExec - Connection discarded
04:29:34.392 [Forwarding clickElement on session e706d8b704bc606aee3a80ca5fbc96fa to remote] DEBUG org.apache.http.impl.conn.PoolingHttpClientConnectionManager - Connection released: [id: 4][route: {}->http://localhost:17016][total kept alive: 0; route allocated: 0 of 2000; total allocated: 0 of 2000]
04:29:34.394 [Forwarding findElement on session e706d8b704bc606aee3a80ca5fbc96fa to remote] DEBUG org.apache.http.client.protocol.RequestAddCookies - CookieSpec selected: default
04:29:34.394 [Forwarding findElement on session e706d8b704bc606aee3a80ca5fbc96fa to remote] DEBUG org.apache.http.client.protocol.RequestAuthCache - Auth cache not set in the context
04:29:34.394 [Forwarding findElement on session e706d8b704bc606aee3a80ca5fbc96fa to remote] DEBUG org.apache.http.impl.conn.PoolingHttpClientConnectionManager - Connection request: [route: {}->http://localhost:17016][total kept alive: 0; route allocated: 0 of 2000; total allocated: 0 of 2000]
04:29:34.395 [Forwarding findElement on session e706d8b704bc606aee3a80ca5fbc96fa to remote] DEBUG org.apache.http.impl.conn.PoolingHttpClientConnectionManager - Connection leased: [id: 5][route: {}->http://localhost:17016][total kept alive: 0; route allocated: 1 of 2000; total allocated: 1 of 2000]
04:29:34.395 [Forwarding findElement on session e706d8b704bc606aee3a80ca5fbc96fa to remote] DEBUG org.apache.http.impl.execchain.MainClientExec - Opening connection {}->http://localhost:17016
04:29:34.395 [Forwarding findElement on session e706d8b704bc606aee3a80ca5fbc96fa to remote] DEBUG org.apache.http.impl.conn.DefaultHttpClientConnectionOperator - Connecting to localhost/127.0.0.1:17016
04:29:34.395 [Forwarding findElement on session e706d8b704bc606aee3a80ca5fbc96fa to remote] DEBUG org.apache.http.impl.conn.DefaultHttpClientConnectionOperator - Connection established 127.0.0.1:50983<->127.0.0.1:17016
04:29:34.395 [Forwarding findElement on session e706d8b704bc606aee3a80ca5fbc96fa to remote] DEBUG org.apache.http.impl.conn.DefaultManagedHttpClientConnection - http-outgoing-5: set socket timeout to 10800000
04:29:34.396 [Forwarding findElement on session e706d8b704bc606aee3a80ca5fbc96fa to remote] DEBUG org.apache.http.impl.execchain.MainClientExec - Executing request POST /session/e706d8b704bc606aee3a80ca5fbc96fa/element HTTP/1.1
04:29:34.396 [Forwarding findElement on session e706d8b704bc606aee3a80ca5fbc96fa to remote] DEBUG org.apache.http.impl.execchain.MainClientExec - Target auth state: UNCHALLENGED
04:29:34.396 [Forwarding findElement on session e706d8b704bc606aee3a80ca5fbc96fa to remote] DEBUG org.apache.http.impl.execchain.MainClientExec - Proxy auth state: UNCHALLENGED
04:29:34.396 [Forwarding findElement on session e706d8b704bc606aee3a80ca5fbc96fa to remote] DEBUG org.apache.http.headers - http-outgoing-5 >> POST /session/e706d8b704bc606aee3a80ca5fbc96fa/element HTTP/1.1
04:29:34.396 [Forwarding findElement on session e706d8b704bc606aee3a80ca5fbc96fa to remote] DEBUG org.apache.http.headers - http-outgoing-5 >> Content-Type: application/json; charset=utf-8
04:29:34.396 [Forwarding findElement on session e706d8b704bc606aee3a80ca5fbc96fa to remote] DEBUG org.apache.http.headers - http-outgoing-5 >> Content-Length: 31
04:29:34.396 [Forwarding findElement on session e706d8b704bc606aee3a80ca5fbc96fa to remote] DEBUG org.apache.http.headers - http-outgoing-5 >> Host: localhost:17016
04:29:34.396 [Forwarding findElement on session e706d8b704bc606aee3a80ca5fbc96fa to remote] DEBUG org.apache.http.headers - http-outgoing-5 >> Connection: Keep-Alive
04:29:34.396 [Forwarding findElement on session e706d8b704bc606aee3a80ca5fbc96fa to remote] DEBUG org.apache.http.headers - http-outgoing-5 >> User-Agent: Apache-HttpClient/4.5.2 (Java/1.8.0_121)
04:29:34.397 [Forwarding findElement on session e706d8b704bc606aee3a80ca5fbc96fa to remote] DEBUG org.apache.http.headers - http-outgoing-5 >> Accept-Encoding: gzip,deflate
04:29:34.397 [Forwarding findElement on session e706d8b704bc606aee3a80ca5fbc96fa to remote] DEBUG org.apache.http.wire - http-outgoing-5 >> "POST /session/e706d8b704bc606aee3a80ca5fbc96fa/element HTTP/1.1[\r][\n]"
04:29:34.397 [Forwarding findElement on session e706d8b704bc606aee3a80ca5fbc96fa to remote] DEBUG org.apache.http.wire - http-outgoing-5 >> "Content-Type: application/json; charset=utf-8[\r][\n]"
04:29:34.397 [Forwarding findElement on session e706d8b704bc606aee3a80ca5fbc96fa to remote] DEBUG org.apache.http.wire - http-outgoing-5 >> "Content-Length: 31[\r][\n]"
04:29:34.397 [Forwarding findElement on session e706d8b704bc606aee3a80ca5fbc96fa to remote] DEBUG org.apache.http.wire - http-outgoing-5 >> "Host: localhost:17016[\r][\n]"
04:29:34.398 [Forwarding findElement on session e706d8b704bc606aee3a80ca5fbc96fa to remote] DEBUG org.apache.http.wire - http-outgoing-5 >> "Connection: Keep-Alive[\r][\n]"
04:29:34.398 [Forwarding findElement on session e706d8b704bc606aee3a80ca5fbc96fa to remote] DEBUG org.apache.http.wire - http-outgoing-5 >> "User-Agent: Apache-HttpClient/4.5.2 (Java/1.8.0_121)[\r][\n]"
04:29:34.398 [Forwarding findElement on session e706d8b704bc606aee3a80ca5fbc96fa to remote] DEBUG org.apache.http.wire - http-outgoing-5 >> "Accept-Encoding: gzip,deflate[\r][\n]"
04:29:34.398 [Forwarding findElement on session e706d8b704bc606aee3a80ca5fbc96fa to remote] DEBUG org.apache.http.wire - http-outgoing-5 >> "[\r][\n]"
04:29:34.398 [Forwarding findElement on session e706d8b704bc606aee3a80ca5fbc96fa to remote] DEBUG org.apache.http.wire - http-outgoing-5 >> "{"using":"id","value":"lst-ib"}"
04:29:34.405 [Forwarding findElement on session e706d8b704bc606aee3a80ca5fbc96fa to remote] DEBUG org.apache.http.wire - http-outgoing-5 << "HTTP/1.1 200 OK[\r][\n]"
04:29:34.405 [Forwarding findElement on session e706d8b704bc606aee3a80ca5fbc96fa to remote] DEBUG org.apache.http.wire - http-outgoing-5 << "Content-Length:104[\r][\n]"
04:29:34.406 [Forwarding findElement on session e706d8b704bc606aee3a80ca5fbc96fa to remote] DEBUG org.apache.http.wire - http-outgoing-5 << "Content-Type:application/json; charset=utf-8[\r][\n]"
04:29:34.406 [Forwarding findElement on session e706d8b704bc606aee3a80ca5fbc96fa to remote] DEBUG org.apache.http.wire - http-outgoing-5 << "Connection:close[\r][\n]"
04:29:34.406 [Forwarding findElement on session e706d8b704bc606aee3a80ca5fbc96fa to remote] DEBUG org.apache.http.wire - http-outgoing-5 << "[\r][\n]"
04:29:34.406 [Forwarding findElement on session e706d8b704bc606aee3a80ca5fbc96fa to remote] DEBUG org.apache.http.wire - http-outgoing-5 << "{"sessionId":"e706d8b704bc606aee3a80ca5fbc96fa","status":0,"value":{"ELEMENT":"0.020591876931924435-1"}}"
04:29:34.406 [Forwarding findElement on session e706d8b704bc606aee3a80ca5fbc96fa to remote] DEBUG org.apache.http.headers - http-outgoing-5 << HTTP/1.1 200 OK
04:29:34.406 [Forwarding findElement on session e706d8b704bc606aee3a80ca5fbc96fa to remote] DEBUG org.apache.http.headers - http-outgoing-5 << Content-Length:104
04:29:34.406 [Forwarding findElement on session e706d8b704bc606aee3a80ca5fbc96fa to remote] DEBUG org.apache.http.headers - http-outgoing-5 << Content-Type:application/json; charset=utf-8
04:29:34.406 [Forwarding findElement on session e706d8b704bc606aee3a80ca5fbc96fa to remote] DEBUG org.apache.http.headers - http-outgoing-5 << Connection:close
04:29:34.407 [Forwarding findElement on session e706d8b704bc606aee3a80ca5fbc96fa to remote] DEBUG org.apache.http.impl.conn.DefaultManagedHttpClientConnection - http-outgoing-5: Close connection
04:29:34.407 [Forwarding findElement on session e706d8b704bc606aee3a80ca5fbc96fa to remote] DEBUG org.apache.http.impl.execchain.MainClientExec - Connection discarded
04:29:34.408 [Forwarding findElement on session e706d8b704bc606aee3a80ca5fbc96fa to remote] DEBUG org.apache.http.impl.conn.PoolingHttpClientConnectionManager - Connection released: [id: 5][route: {}->http://localhost:17016][total kept alive: 0; route allocated: 0 of 2000; total allocated: 0 of 2000]
04:29:34.410 [Forwarding sendKeysToElement on session e706d8b704bc606aee3a80ca5fbc96fa to remote] DEBUG org.apache.http.client.protocol.RequestAddCookies - CookieSpec selected: default
04:29:34.411 [Forwarding sendKeysToElement on session e706d8b704bc606aee3a80ca5fbc96fa to remote] DEBUG org.apache.http.client.protocol.RequestAuthCache - Auth cache not set in the context
04:29:34.412 [Forwarding sendKeysToElement on session e706d8b704bc606aee3a80ca5fbc96fa to remote] DEBUG org.apache.http.impl.conn.PoolingHttpClientConnectionManager - Connection request: [route: {}->http://localhost:17016][total kept alive: 0; route allocated: 0 of 2000; total allocated: 0 of 2000]
04:29:34.412 [Forwarding sendKeysToElement on session e706d8b704bc606aee3a80ca5fbc96fa to remote] DEBUG org.apache.http.impl.conn.PoolingHttpClientConnectionManager - Connection leased: [id: 6][route: {}->http://localhost:17016][total kept alive: 0; route allocated: 1 of 2000; total allocated: 1 of 2000]
04:29:34.412 [Forwarding sendKeysToElement on session e706d8b704bc606aee3a80ca5fbc96fa to remote] DEBUG org.apache.http.impl.execchain.MainClientExec - Opening connection {}->http://localhost:17016
04:29:34.413 [Forwarding sendKeysToElement on session e706d8b704bc606aee3a80ca5fbc96fa to remote] DEBUG org.apache.http.impl.conn.DefaultHttpClientConnectionOperator - Connecting to localhost/127.0.0.1:17016
04:29:34.413 [Forwarding sendKeysToElement on session e706d8b704bc606aee3a80ca5fbc96fa to remote] DEBUG org.apache.http.impl.conn.DefaultHttpClientConnectionOperator - Connection established 127.0.0.1:50984<->127.0.0.1:17016
04:29:34.414 [Forwarding sendKeysToElement on session e706d8b704bc606aee3a80ca5fbc96fa to remote] DEBUG org.apache.http.impl.conn.DefaultManagedHttpClientConnection - http-outgoing-6: set socket timeout to 10800000
04:29:34.414 [Forwarding sendKeysToElement on session e706d8b704bc606aee3a80ca5fbc96fa to remote] DEBUG org.apache.http.impl.execchain.MainClientExec - Executing request POST /session/e706d8b704bc606aee3a80ca5fbc96fa/element/0.020591876931924435-1/value HTTP/1.1
04:29:34.414 [Forwarding sendKeysToElement on session e706d8b704bc606aee3a80ca5fbc96fa to remote] DEBUG org.apache.http.impl.execchain.MainClientExec - Target auth state: UNCHALLENGED
04:29:34.414 [Forwarding sendKeysToElement on session e706d8b704bc606aee3a80ca5fbc96fa to remote] DEBUG org.apache.http.impl.execchain.MainClientExec - Proxy auth state: UNCHALLENGED
04:29:34.415 [Forwarding sendKeysToElement on session e706d8b704bc606aee3a80ca5fbc96fa to remote] DEBUG org.apache.http.headers - http-outgoing-6 >> POST /session/e706d8b704bc606aee3a80ca5fbc96fa/element/0.020591876931924435-1/value HTTP/1.1
04:29:34.415 [Forwarding sendKeysToElement on session e706d8b704bc606aee3a80ca5fbc96fa to remote] DEBUG org.apache.http.headers - http-outgoing-6 >> Content-Type: application/json; charset=utf-8
04:29:34.415 [Forwarding sendKeysToElement on session e706d8b704bc606aee3a80ca5fbc96fa to remote] DEBUG org.apache.http.headers - http-outgoing-6 >> Content-Length: 89
04:29:34.415 [Forwarding sendKeysToElement on session e706d8b704bc606aee3a80ca5fbc96fa to remote] DEBUG org.apache.http.headers - http-outgoing-6 >> Host: localhost:17016
04:29:34.415 [Forwarding sendKeysToElement on session e706d8b704bc606aee3a80ca5fbc96fa to remote] DEBUG org.apache.http.headers - http-outgoing-6 >> Connection: Keep-Alive
04:29:34.415 [Forwarding sendKeysToElement on session e706d8b704bc606aee3a80ca5fbc96fa to remote] DEBUG org.apache.http.headers - http-outgoing-6 >> User-Agent: Apache-HttpClient/4.5.2 (Java/1.8.0_121)
04:29:34.415 [Forwarding sendKeysToElement on session e706d8b704bc606aee3a80ca5fbc96fa to remote] DEBUG org.apache.http.headers - http-outgoing-6 >> Accept-Encoding: gzip,deflate
04:29:34.415 [Forwarding sendKeysToElement on session e706d8b704bc606aee3a80ca5fbc96fa to remote] DEBUG org.apache.http.wire - http-outgoing-6 >> "POST /session/e706d8b704bc606aee3a80ca5fbc96fa/element/0.020591876931924435-1/value HTTP/1.1[\r][\n]"
04:29:34.415 [Forwarding sendKeysToElement on session e706d8b704bc606aee3a80ca5fbc96fa to remote] DEBUG org.apache.http.wire - http-outgoing-6 >> "Content-Type: application/json; charset=utf-8[\r][\n]"
04:29:34.415 [Forwarding sendKeysToElement on session e706d8b704bc606aee3a80ca5fbc96fa to remote] DEBUG org.apache.http.wire - http-outgoing-6 >> "Content-Length: 89[\r][\n]"
04:29:34.416 [Forwarding sendKeysToElement on session e706d8b704bc606aee3a80ca5fbc96fa to remote] DEBUG org.apache.http.wire - http-outgoing-6 >> "Host: localhost:17016[\r][\n]"
04:29:34.416 [Forwarding sendKeysToElement on session e706d8b704bc606aee3a80ca5fbc96fa to remote] DEBUG org.apache.http.wire - http-outgoing-6 >> "Connection: Keep-Alive[\r][\n]"
04:29:34.416 [Forwarding sendKeysToElement on session e706d8b704bc606aee3a80ca5fbc96fa to remote] DEBUG org.apache.http.wire - http-outgoing-6 >> "User-Agent: Apache-HttpClient/4.5.2 (Java/1.8.0_121)[\r][\n]"
04:29:34.416 [Forwarding sendKeysToElement on session e706d8b704bc606aee3a80ca5fbc96fa to remote] DEBUG org.apache.http.wire - http-outgoing-6 >> "Accept-Encoding: gzip,deflate[\r][\n]"
04:29:34.416 [Forwarding sendKeysToElement on session e706d8b704bc606aee3a80ca5fbc96fa to remote] DEBUG org.apache.http.wire - http-outgoing-6 >> "[\r][\n]"
04:29:34.416 [Forwarding sendKeysToElement on session e706d8b704bc606aee3a80ca5fbc96fa to remote] DEBUG org.apache.http.wire - http-outgoing-6 >> "{"id":"0.020591876931924435-1","value":["C","h","r","o","m","e","D","r","i","v","e","r"]}"
04:29:34.537 [Forwarding sendKeysToElement on session e706d8b704bc606aee3a80ca5fbc96fa to remote] DEBUG org.apache.http.wire - http-outgoing-6 << "HTTP/1.1 200 OK[\r][\n]"
04:29:34.537 [Forwarding sendKeysToElement on session e706d8b704bc606aee3a80ca5fbc96fa to remote] DEBUG org.apache.http.wire - http-outgoing-6 << "Content-Length:72[\r][\n]"
04:29:34.537 [Forwarding sendKeysToElement on session e706d8b704bc606aee3a80ca5fbc96fa to remote] DEBUG org.apache.http.wire - http-outgoing-6 << "Content-Type:application/json; charset=utf-8[\r][\n]"
04:29:34.537 [Forwarding sendKeysToElement on session e706d8b704bc606aee3a80ca5fbc96fa to remote] DEBUG org.apache.http.wire - http-outgoing-6 << "Connection:close[\r][\n]"
04:29:34.538 [Forwarding sendKeysToElement on session e706d8b704bc606aee3a80ca5fbc96fa to remote] DEBUG org.apache.http.wire - http-outgoing-6 << "[\r][\n]"
04:29:34.538 [Forwarding sendKeysToElement on session e706d8b704bc606aee3a80ca5fbc96fa to remote] DEBUG org.apache.http.wire - http-outgoing-6 << "{"sessionId":"e706d8b704bc606aee3a80ca5fbc96fa","status":0,"value":null}"
04:29:34.538 [Forwarding sendKeysToElement on session e706d8b704bc606aee3a80ca5fbc96fa to remote] DEBUG org.apache.http.headers - http-outgoing-6 << HTTP/1.1 200 OK
04:29:34.538 [Forwarding sendKeysToElement on session e706d8b704bc606aee3a80ca5fbc96fa to remote] DEBUG org.apache.http.headers - http-outgoing-6 << Content-Length:72
04:29:34.538 [Forwarding sendKeysToElement on session e706d8b704bc606aee3a80ca5fbc96fa to remote] DEBUG org.apache.http.headers - http-outgoing-6 << Content-Type:application/json; charset=utf-8
04:29:34.538 [Forwarding sendKeysToElement on session e706d8b704bc606aee3a80ca5fbc96fa to remote] DEBUG org.apache.http.headers - http-outgoing-6 << Connection:close
04:29:34.539 [Forwarding sendKeysToElement on session e706d8b704bc606aee3a80ca5fbc96fa to remote] DEBUG org.apache.http.impl.conn.DefaultManagedHttpClientConnection - http-outgoing-6: Close connection
04:29:34.539 [Forwarding sendKeysToElement on session e706d8b704bc606aee3a80ca5fbc96fa to remote] DEBUG org.apache.http.impl.execchain.MainClientExec - Connection discarded
04:29:34.539 [Forwarding sendKeysToElement on session e706d8b704bc606aee3a80ca5fbc96fa to remote] DEBUG org.apache.http.impl.conn.PoolingHttpClientConnectionManager - Connection released: [id: 6][route: {}->http://localhost:17016][total kept alive: 0; route allocated: 0 of 2000; total allocated: 0 of 2000]
04:29:34.542 [Forwarding findElement on session e706d8b704bc606aee3a80ca5fbc96fa to remote] DEBUG org.apache.http.client.protocol.RequestAddCookies - CookieSpec selected: default
04:29:34.543 [Forwarding findElement on session e706d8b704bc606aee3a80ca5fbc96fa to remote] DEBUG org.apache.http.client.protocol.RequestAuthCache - Auth cache not set in the context
04:29:34.544 [Forwarding findElement on session e706d8b704bc606aee3a80ca5fbc96fa to remote] DEBUG org.apache.http.impl.conn.PoolingHttpClientConnectionManager - Connection request: [route: {}->http://localhost:17016][total kept alive: 0; route allocated: 0 of 2000; total allocated: 0 of 2000]
04:29:34.544 [Forwarding findElement on session e706d8b704bc606aee3a80ca5fbc96fa to remote] DEBUG org.apache.http.impl.conn.PoolingHttpClientConnectionManager - Connection leased: [id: 7][route: {}->http://localhost:17016][total kept alive: 0; route allocated: 1 of 2000; total allocated: 1 of 2000]
04:29:34.544 [Forwarding findElement on session e706d8b704bc606aee3a80ca5fbc96fa to remote] DEBUG org.apache.http.impl.execchain.MainClientExec - Opening connection {}->http://localhost:17016
04:29:34.545 [Forwarding findElement on session e706d8b704bc606aee3a80ca5fbc96fa to remote] DEBUG org.apache.http.impl.conn.DefaultHttpClientConnectionOperator - Connecting to localhost/127.0.0.1:17016
04:29:34.546 [Forwarding findElement on session e706d8b704bc606aee3a80ca5fbc96fa to remote] DEBUG org.apache.http.impl.conn.DefaultHttpClientConnectionOperator - Connection established 127.0.0.1:50985<->127.0.0.1:17016
04:29:34.546 [Forwarding findElement on session e706d8b704bc606aee3a80ca5fbc96fa to remote] DEBUG org.apache.http.impl.conn.DefaultManagedHttpClientConnection - http-outgoing-7: set socket timeout to 10800000
04:29:34.547 [Forwarding findElement on session e706d8b704bc606aee3a80ca5fbc96fa to remote] DEBUG org.apache.http.impl.execchain.MainClientExec - Executing request POST /session/e706d8b704bc606aee3a80ca5fbc96fa/element HTTP/1.1
04:29:34.547 [Forwarding findElement on session e706d8b704bc606aee3a80ca5fbc96fa to remote] DEBUG org.apache.http.impl.execchain.MainClientExec - Target auth state: UNCHALLENGED
04:29:34.548 [Forwarding findElement on session e706d8b704bc606aee3a80ca5fbc96fa to remote] DEBUG org.apache.http.impl.execchain.MainClientExec - Proxy auth state: UNCHALLENGED
04:29:34.548 [Forwarding findElement on session e706d8b704bc606aee3a80ca5fbc96fa to remote] DEBUG org.apache.http.headers - http-outgoing-7 >> POST /session/e706d8b704bc606aee3a80ca5fbc96fa/element HTTP/1.1
04:29:34.548 [Forwarding findElement on session e706d8b704bc606aee3a80ca5fbc96fa to remote] DEBUG org.apache.http.headers - http-outgoing-7 >> Content-Type: application/json; charset=utf-8
04:29:34.548 [Forwarding findElement on session e706d8b704bc606aee3a80ca5fbc96fa to remote] DEBUG org.apache.http.headers - http-outgoing-7 >> Content-Length: 31
04:29:34.548 [Forwarding findElement on session e706d8b704bc606aee3a80ca5fbc96fa to remote] DEBUG org.apache.http.headers - http-outgoing-7 >> Host: localhost:17016
04:29:34.548 [Forwarding findElement on session e706d8b704bc606aee3a80ca5fbc96fa to remote] DEBUG org.apache.http.headers - http-outgoing-7 >> Connection: Keep-Alive
04:29:34.549 [Forwarding findElement on session e706d8b704bc606aee3a80ca5fbc96fa to remote] DEBUG org.apache.http.headers - http-outgoing-7 >> User-Agent: Apache-HttpClient/4.5.2 (Java/1.8.0_121)
04:29:34.549 [Forwarding findElement on session e706d8b704bc606aee3a80ca5fbc96fa to remote] DEBUG org.apache.http.headers - http-outgoing-7 >> Accept-Encoding: gzip,deflate
04:29:34.549 [Forwarding findElement on session e706d8b704bc606aee3a80ca5fbc96fa to remote] DEBUG org.apache.http.wire - http-outgoing-7 >> "POST /session/e706d8b704bc606aee3a80ca5fbc96fa/element HTTP/1.1[\r][\n]"
04:29:34.549 [Forwarding findElement on session e706d8b704bc606aee3a80ca5fbc96fa to remote] DEBUG org.apache.http.wire - http-outgoing-7 >> "Content-Type: application/json; charset=utf-8[\r][\n]"
04:29:34.549 [Forwarding findElement on session e706d8b704bc606aee3a80ca5fbc96fa to remote] DEBUG org.apache.http.wire - http-outgoing-7 >> "Content-Length: 31[\r][\n]"
04:29:34.549 [Forwarding findElement on session e706d8b704bc606aee3a80ca5fbc96fa to remote] DEBUG org.apache.http.wire - http-outgoing-7 >> "Host: localhost:17016[\r][\n]"
04:29:34.549 [Forwarding findElement on session e706d8b704bc606aee3a80ca5fbc96fa to remote] DEBUG org.apache.http.wire - http-outgoing-7 >> "Connection: Keep-Alive[\r][\n]"
04:29:34.550 [Forwarding findElement on session e706d8b704bc606aee3a80ca5fbc96fa to remote] DEBUG org.apache.http.wire - http-outgoing-7 >> "User-Agent: Apache-HttpClient/4.5.2 (Java/1.8.0_121)[\r][\n]"
04:29:34.550 [Forwarding findElement on session e706d8b704bc606aee3a80ca5fbc96fa to remote] DEBUG org.apache.http.wire - http-outgoing-7 >> "Accept-Encoding: gzip,deflate[\r][\n]"
04:29:34.550 [Forwarding findElement on session e706d8b704bc606aee3a80ca5fbc96fa to remote] DEBUG org.apache.http.wire - http-outgoing-7 >> "[\r][\n]"
04:29:34.551 [Forwarding findElement on session e706d8b704bc606aee3a80ca5fbc96fa to remote] DEBUG org.apache.http.wire - http-outgoing-7 >> "{"using":"id","value":"lst-ib"}"
04:29:34.558 [Forwarding findElement on session e706d8b704bc606aee3a80ca5fbc96fa to remote] DEBUG org.apache.http.wire - http-outgoing-7 << "HTTP/1.1 200 OK[\r][\n]"
04:29:34.558 [Forwarding findElement on session e706d8b704bc606aee3a80ca5fbc96fa to remote] DEBUG org.apache.http.wire - http-outgoing-7 << "Content-Length:104[\r][\n]"
04:29:34.558 [Forwarding findElement on session e706d8b704bc606aee3a80ca5fbc96fa to remote] DEBUG org.apache.http.wire - http-outgoing-7 << "Content-Type:application/json; charset=utf-8[\r][\n]"
04:29:34.558 [Forwarding findElement on session e706d8b704bc606aee3a80ca5fbc96fa to remote] DEBUG org.apache.http.wire - http-outgoing-7 << "Connection:close[\r][\n]"
04:29:34.558 [Forwarding findElement on session e706d8b704bc606aee3a80ca5fbc96fa to remote] DEBUG org.apache.http.wire - http-outgoing-7 << "[\r][\n]"
04:29:34.558 [Forwarding findElement on session e706d8b704bc606aee3a80ca5fbc96fa to remote] DEBUG org.apache.http.wire - http-outgoing-7 << "{"sessionId":"e706d8b704bc606aee3a80ca5fbc96fa","status":0,"value":{"ELEMENT":"0.020591876931924435-1"}}"
04:29:34.559 [Forwarding findElement on session e706d8b704bc606aee3a80ca5fbc96fa to remote] DEBUG org.apache.http.headers - http-outgoing-7 << HTTP/1.1 200 OK
04:29:34.559 [Forwarding findElement on session e706d8b704bc606aee3a80ca5fbc96fa to remote] DEBUG org.apache.http.headers - http-outgoing-7 << Content-Length:104
04:29:34.559 [Forwarding findElement on session e706d8b704bc606aee3a80ca5fbc96fa to remote] DEBUG org.apache.http.headers - http-outgoing-7 << Content-Type:application/json; charset=utf-8
04:29:34.559 [Forwarding findElement on session e706d8b704bc606aee3a80ca5fbc96fa to remote] DEBUG org.apache.http.headers - http-outgoing-7 << Connection:close
04:29:34.560 [Forwarding findElement on session e706d8b704bc606aee3a80ca5fbc96fa to remote] DEBUG org.apache.http.impl.conn.DefaultManagedHttpClientConnection - http-outgoing-7: Close connection
04:29:34.560 [Forwarding findElement on session e706d8b704bc606aee3a80ca5fbc96fa to remote] DEBUG org.apache.http.impl.execchain.MainClientExec - Connection discarded
04:29:34.560 [Forwarding findElement on session e706d8b704bc606aee3a80ca5fbc96fa to remote] DEBUG org.apache.http.impl.conn.PoolingHttpClientConnectionManager - Connection released: [id: 7][route: {}->http://localhost:17016][total kept alive: 0; route allocated: 0 of 2000; total allocated: 0 of 2000]
04:29:34.565 [Forwarding sendKeysToElement on session e706d8b704bc606aee3a80ca5fbc96fa to remote] DEBUG org.apache.http.client.protocol.RequestAddCookies - CookieSpec selected: default
04:29:34.565 [Forwarding sendKeysToElement on session e706d8b704bc606aee3a80ca5fbc96fa to remote] DEBUG org.apache.http.client.protocol.RequestAuthCache - Auth cache not set in the context
04:29:34.565 [Forwarding sendKeysToElement on session e706d8b704bc606aee3a80ca5fbc96fa to remote] DEBUG org.apache.http.impl.conn.PoolingHttpClientConnectionManager - Connection request: [route: {}->http://localhost:17016][total kept alive: 0; route allocated: 0 of 2000; total allocated: 0 of 2000]
04:29:34.566 [Forwarding sendKeysToElement on session e706d8b704bc606aee3a80ca5fbc96fa to remote] DEBUG org.apache.http.impl.conn.PoolingHttpClientConnectionManager - Connection leased: [id: 8][route: {}->http://localhost:17016][total kept alive: 0; route allocated: 1 of 2000; total allocated: 1 of 2000]
04:29:34.566 [Forwarding sendKeysToElement on session e706d8b704bc606aee3a80ca5fbc96fa to remote] DEBUG org.apache.http.impl.execchain.MainClientExec - Opening connection {}->http://localhost:17016
04:29:34.566 [Forwarding sendKeysToElement on session e706d8b704bc606aee3a80ca5fbc96fa to remote] DEBUG org.apache.http.impl.conn.DefaultHttpClientConnectionOperator - Connecting to localhost/127.0.0.1:17016
04:29:34.566 [Forwarding sendKeysToElement on session e706d8b704bc606aee3a80ca5fbc96fa to remote] DEBUG org.apache.http.impl.conn.DefaultHttpClientConnectionOperator - Connection established 127.0.0.1:50986<->127.0.0.1:17016
04:29:34.567 [Forwarding sendKeysToElement on session e706d8b704bc606aee3a80ca5fbc96fa to remote] DEBUG org.apache.http.impl.conn.DefaultManagedHttpClientConnection - http-outgoing-8: set socket timeout to 10800000
04:29:34.567 [Forwarding sendKeysToElement on session e706d8b704bc606aee3a80ca5fbc96fa to remote] DEBUG org.apache.http.impl.execchain.MainClientExec - Executing request POST /session/e706d8b704bc606aee3a80ca5fbc96fa/element/0.020591876931924435-1/value HTTP/1.1
04:29:34.567 [Forwarding sendKeysToElement on session e706d8b704bc606aee3a80ca5fbc96fa to remote] DEBUG org.apache.http.impl.execchain.MainClientExec - Target auth state: UNCHALLENGED
04:29:34.567 [Forwarding sendKeysToElement on session e706d8b704bc606aee3a80ca5fbc96fa to remote] DEBUG org.apache.http.impl.execchain.MainClientExec - Proxy auth state: UNCHALLENGED
04:29:34.567 [Forwarding sendKeysToElement on session e706d8b704bc606aee3a80ca5fbc96fa to remote] DEBUG org.apache.http.headers - http-outgoing-8 >> POST /session/e706d8b704bc606aee3a80ca5fbc96fa/element/0.020591876931924435-1/value HTTP/1.1
04:29:34.567 [Forwarding sendKeysToElement on session e706d8b704bc606aee3a80ca5fbc96fa to remote] DEBUG org.apache.http.headers - http-outgoing-8 >> Content-Type: application/json; charset=utf-8
04:29:34.568 [Forwarding sendKeysToElement on session e706d8b704bc606aee3a80ca5fbc96fa to remote] DEBUG org.apache.http.headers - http-outgoing-8 >> Content-Length: 47
04:29:34.568 [Forwarding sendKeysToElement on session e706d8b704bc606aee3a80ca5fbc96fa to remote] DEBUG org.apache.http.headers - http-outgoing-8 >> Host: localhost:17016
04:29:34.568 [Forwarding sendKeysToElement on session e706d8b704bc606aee3a80ca5fbc96fa to remote] DEBUG org.apache.http.headers - http-outgoing-8 >> Connection: Keep-Alive
04:29:34.568 [Forwarding sendKeysToElement on session e706d8b704bc606aee3a80ca5fbc96fa to remote] DEBUG org.apache.http.headers - http-outgoing-8 >> User-Agent: Apache-HttpClient/4.5.2 (Java/1.8.0_121)
04:29:34.568 [Forwarding sendKeysToElement on session e706d8b704bc606aee3a80ca5fbc96fa to remote] DEBUG org.apache.http.headers - http-outgoing-8 >> Accept-Encoding: gzip,deflate
04:29:34.568 [Forwarding sendKeysToElement on session e706d8b704bc606aee3a80ca5fbc96fa to remote] DEBUG org.apache.http.wire - http-outgoing-8 >> "POST /session/e706d8b704bc606aee3a80ca5fbc96fa/element/0.020591876931924435-1/value HTTP/1.1[\r][\n]"
04:29:34.568 [Forwarding sendKeysToElement on session e706d8b704bc606aee3a80ca5fbc96fa to remote] DEBUG org.apache.http.wire - http-outgoing-8 >> "Content-Type: application/json; charset=utf-8[\r][\n]"
04:29:34.568 [Forwarding sendKeysToElement on session e706d8b704bc606aee3a80ca5fbc96fa to remote] DEBUG org.apache.http.wire - http-outgoing-8 >> "Content-Length: 47[\r][\n]"
04:29:34.568 [Forwarding sendKeysToElement on session e706d8b704bc606aee3a80ca5fbc96fa to remote] DEBUG org.apache.http.wire - http-outgoing-8 >> "Host: localhost:17016[\r][\n]"
04:29:34.569 [Forwarding sendKeysToElement on session e706d8b704bc606aee3a80ca5fbc96fa to remote] DEBUG org.apache.http.wire - http-outgoing-8 >> "Connection: Keep-Alive[\r][\n]"
04:29:34.569 [Forwarding sendKeysToElement on session e706d8b704bc606aee3a80ca5fbc96fa to remote] DEBUG org.apache.http.wire - http-outgoing-8 >> "User-Agent: Apache-HttpClient/4.5.2 (Java/1.8.0_121)[\r][\n]"
04:29:34.569 [Forwarding sendKeysToElement on session e706d8b704bc606aee3a80ca5fbc96fa to remote] DEBUG org.apache.http.wire - http-outgoing-8 >> "Accept-Encoding: gzip,deflate[\r][\n]"
04:29:34.569 [Forwarding sendKeysToElement on session e706d8b704bc606aee3a80ca5fbc96fa to remote] DEBUG org.apache.http.wire - http-outgoing-8 >> "[\r][\n]"
04:29:34.569 [Forwarding sendKeysToElement on session e706d8b704bc606aee3a80ca5fbc96fa to remote] DEBUG org.apache.http.wire - http-outgoing-8 >> "{"id":"0.020591876931924435-1","value":["[0xee][0x80][0x86]"]}"
04:29:34.618 [Forwarding sendKeysToElement on session e706d8b704bc606aee3a80ca5fbc96fa to remote] DEBUG org.apache.http.wire - http-outgoing-8 << "HTTP/1.1 200 OK[\r][\n]"
04:29:34.619 [Forwarding sendKeysToElement on session e706d8b704bc606aee3a80ca5fbc96fa to remote] DEBUG org.apache.http.wire - http-outgoing-8 << "Content-Length:72[\r][\n]"
04:29:34.619 [Forwarding sendKeysToElement on session e706d8b704bc606aee3a80ca5fbc96fa to remote] DEBUG org.apache.http.wire - http-outgoing-8 << "Content-Type:application/json; charset=utf-8[\r][\n]"
04:29:34.619 [Forwarding sendKeysToElement on session e706d8b704bc606aee3a80ca5fbc96fa to remote] DEBUG org.apache.http.wire - http-outgoing-8 << "Connection:close[\r][\n]"
04:29:34.620 [Forwarding sendKeysToElement on session e706d8b704bc606aee3a80ca5fbc96fa to remote] DEBUG org.apache.http.wire - http-outgoing-8 << "[\r][\n]"
04:29:34.620 [Forwarding sendKeysToElement on session e706d8b704bc606aee3a80ca5fbc96fa to remote] DEBUG org.apache.http.wire - http-outgoing-8 << "{"sessionId":"e706d8b704bc606aee3a80ca5fbc96fa","status":0,"value":null}"
04:29:34.620 [Forwarding sendKeysToElement on session e706d8b704bc606aee3a80ca5fbc96fa to remote] DEBUG org.apache.http.headers - http-outgoing-8 << HTTP/1.1 200 OK
04:29:34.620 [Forwarding sendKeysToElement on session e706d8b704bc606aee3a80ca5fbc96fa to remote] DEBUG org.apache.http.headers - http-outgoing-8 << Content-Length:72
04:29:34.621 [Forwarding sendKeysToElement on session e706d8b704bc606aee3a80ca5fbc96fa to remote] DEBUG org.apache.http.headers - http-outgoing-8 << Content-Type:application/json; charset=utf-8
04:29:34.621 [Forwarding sendKeysToElement on session e706d8b704bc606aee3a80ca5fbc96fa to remote] DEBUG org.apache.http.headers - http-outgoing-8 << Connection:close
04:29:34.621 [Forwarding sendKeysToElement on session e706d8b704bc606aee3a80ca5fbc96fa to remote] DEBUG org.apache.http.impl.conn.DefaultManagedHttpClientConnection - http-outgoing-8: Close connection
04:29:34.622 [Forwarding sendKeysToElement on session e706d8b704bc606aee3a80ca5fbc96fa to remote] DEBUG org.apache.http.impl.execchain.MainClientExec - Connection discarded
04:29:34.622 [Forwarding sendKeysToElement on session e706d8b704bc606aee3a80ca5fbc96fa to remote] DEBUG org.apache.http.impl.conn.PoolingHttpClientConnectionManager - Connection released: [id: 8][route: {}->http://localhost:17016][total kept alive: 0; route allocated: 0 of 2000; total allocated: 0 of 2000]

[Info] List out all Elements founded~!
--------------------------------------
04:29:34.625 [Forwarding findElements on session e706d8b704bc606aee3a80ca5fbc96fa to remote] DEBUG org.apache.http.client.protocol.RequestAddCookies - CookieSpec selected: default
04:29:34.625 [Forwarding findElements on session e706d8b704bc606aee3a80ca5fbc96fa to remote] DEBUG org.apache.http.client.protocol.RequestAuthCache - Auth cache not set in the context
04:29:34.625 [Forwarding findElements on session e706d8b704bc606aee3a80ca5fbc96fa to remote] DEBUG org.apache.http.impl.conn.PoolingHttpClientConnectionManager - Connection request: [route: {}->http://localhost:17016][total kept alive: 0; route allocated: 0 of 2000; total allocated: 0 of 2000]
04:29:34.626 [Forwarding findElements on session e706d8b704bc606aee3a80ca5fbc96fa to remote] DEBUG org.apache.http.impl.conn.PoolingHttpClientConnectionManager - Connection leased: [id: 9][route: {}->http://localhost:17016][total kept alive: 0; route allocated: 1 of 2000; total allocated: 1 of 2000]
04:29:34.626 [Forwarding findElements on session e706d8b704bc606aee3a80ca5fbc96fa to remote] DEBUG org.apache.http.impl.execchain.MainClientExec - Opening connection {}->http://localhost:17016
04:29:34.626 [Forwarding findElements on session e706d8b704bc606aee3a80ca5fbc96fa to remote] DEBUG org.apache.http.impl.conn.DefaultHttpClientConnectionOperator - Connecting to localhost/127.0.0.1:17016
04:29:34.626 [Forwarding findElements on session e706d8b704bc606aee3a80ca5fbc96fa to remote] DEBUG org.apache.http.impl.conn.DefaultHttpClientConnectionOperator - Connection established 127.0.0.1:50987<->127.0.0.1:17016
04:29:34.627 [Forwarding findElements on session e706d8b704bc606aee3a80ca5fbc96fa to remote] DEBUG org.apache.http.impl.conn.DefaultManagedHttpClientConnection - http-outgoing-9: set socket timeout to 10800000
04:29:34.627 [Forwarding findElements on session e706d8b704bc606aee3a80ca5fbc96fa to remote] DEBUG org.apache.http.impl.execchain.MainClientExec - Executing request POST /session/e706d8b704bc606aee3a80ca5fbc96fa/elements HTTP/1.1
04:29:34.627 [Forwarding findElements on session e706d8b704bc606aee3a80ca5fbc96fa to remote] DEBUG org.apache.http.impl.execchain.MainClientExec - Target auth state: UNCHALLENGED
04:29:34.628 [Forwarding findElements on session e706d8b704bc606aee3a80ca5fbc96fa to remote] DEBUG org.apache.http.impl.execchain.MainClientExec - Proxy auth state: UNCHALLENGED
04:29:34.628 [Forwarding findElements on session e706d8b704bc606aee3a80ca5fbc96fa to remote] DEBUG org.apache.http.headers - http-outgoing-9 >> POST /session/e706d8b704bc606aee3a80ca5fbc96fa/elements HTTP/1.1
04:29:34.629 [Forwarding findElements on session e706d8b704bc606aee3a80ca5fbc96fa to remote] DEBUG org.apache.http.headers - http-outgoing-9 >> Content-Type: application/json; charset=utf-8
04:29:34.629 [Forwarding findElements on session e706d8b704bc606aee3a80ca5fbc96fa to remote] DEBUG org.apache.http.headers - http-outgoing-9 >> Content-Length: 41
04:29:34.629 [Forwarding findElements on session e706d8b704bc606aee3a80ca5fbc96fa to remote] DEBUG org.apache.http.headers - http-outgoing-9 >> Host: localhost:17016
04:29:34.629 [Forwarding findElements on session e706d8b704bc606aee3a80ca5fbc96fa to remote] DEBUG org.apache.http.headers - http-outgoing-9 >> Connection: Keep-Alive
04:29:34.629 [Forwarding findElements on session e706d8b704bc606aee3a80ca5fbc96fa to remote] DEBUG org.apache.http.headers - http-outgoing-9 >> User-Agent: Apache-HttpClient/4.5.2 (Java/1.8.0_121)
04:29:34.629 [Forwarding findElements on session e706d8b704bc606aee3a80ca5fbc96fa to remote] DEBUG org.apache.http.headers - http-outgoing-9 >> Accept-Encoding: gzip,deflate
04:29:34.630 [Forwarding findElements on session e706d8b704bc606aee3a80ca5fbc96fa to remote] DEBUG org.apache.http.wire - http-outgoing-9 >> "POST /session/e706d8b704bc606aee3a80ca5fbc96fa/elements HTTP/1.1[\r][\n]"
04:29:34.630 [Forwarding findElements on session e706d8b704bc606aee3a80ca5fbc96fa to remote] DEBUG org.apache.http.wire - http-outgoing-9 >> "Content-Type: application/json; charset=utf-8[\r][\n]"
04:29:34.630 [Forwarding findElements on session e706d8b704bc606aee3a80ca5fbc96fa to remote] DEBUG org.apache.http.wire - http-outgoing-9 >> "Content-Length: 41[\r][\n]"
04:29:34.630 [Forwarding findElements on session e706d8b704bc606aee3a80ca5fbc96fa to remote] DEBUG org.apache.http.wire - http-outgoing-9 >> "Host: localhost:17016[\r][\n]"
04:29:34.631 [Forwarding findElements on session e706d8b704bc606aee3a80ca5fbc96fa to remote] DEBUG org.apache.http.wire - http-outgoing-9 >> "Connection: Keep-Alive[\r][\n]"
04:29:34.631 [Forwarding findElements on session e706d8b704bc606aee3a80ca5fbc96fa to remote] DEBUG org.apache.http.wire - http-outgoing-9 >> "User-Agent: Apache-HttpClient/4.5.2 (Java/1.8.0_121)[\r][\n]"
04:29:34.631 [Forwarding findElements on session e706d8b704bc606aee3a80ca5fbc96fa to remote] DEBUG org.apache.http.wire - http-outgoing-9 >> "Accept-Encoding: gzip,deflate[\r][\n]"
04:29:34.631 [Forwarding findElements on session e706d8b704bc606aee3a80ca5fbc96fa to remote] DEBUG org.apache.http.wire - http-outgoing-9 >> "[\r][\n]"
04:29:34.631 [Forwarding findElements on session e706d8b704bc606aee3a80ca5fbc96fa to remote] DEBUG org.apache.http.wire - http-outgoing-9 >> "{"using":"css selector","value":"h3 > a"}"
04:29:35.799 [Forwarding findElements on session e706d8b704bc606aee3a80ca5fbc96fa to remote] DEBUG org.apache.http.wire - http-outgoing-9 << "HTTP/1.1 200 OK[\r][\n]"
04:29:35.799 [Forwarding findElements on session e706d8b704bc606aee3a80ca5fbc96fa to remote] DEBUG org.apache.http.wire - http-outgoing-9 << "Content-Length:555[\r][\n]"
04:29:35.799 [Forwarding findElements on session e706d8b704bc606aee3a80ca5fbc96fa to remote] DEBUG org.apache.http.wire - http-outgoing-9 << "Content-Type:application/json; charset=utf-8[\r][\n]"
04:29:35.799 [Forwarding findElements on session e706d8b704bc606aee3a80ca5fbc96fa to remote] DEBUG org.apache.http.wire - http-outgoing-9 << "Connection:close[\r][\n]"
04:29:35.799 [Forwarding findElements on session e706d8b704bc606aee3a80ca5fbc96fa to remote] DEBUG org.apache.http.wire - http-outgoing-9 << "[\r][\n]"
04:29:35.799 [Forwarding findElements on session e706d8b704bc606aee3a80ca5fbc96fa to remote] DEBUG org.apache.http.wire - http-outgoing-9 << "{"sessionId":"e706d8b704bc606aee3a80ca5fbc96fa","status":0,"value":[{"ELEMENT":"0.020591876931924435-2"},{"ELEMENT":"0.020591876931924435-3"},{"ELEMENT":"0.020591876931924435-4"},{"ELEMENT":"0.020591876931924435-5"},{"ELEMENT":"0.020591876931924435-6"},{"ELEMENT":"0.020591876931924435-7"},{"ELEMENT":"0.020591876931924435-8"},{"ELEMENT":"0.020591876931924435-9"},{"ELEMENT":"0.020591876931924435-10"},{"ELEMENT":"0.020591876931924435-11"},{"ELEMENT":"0.020591876931924435-12"},{"ELEMENT":"0.020591876931924435-13"},{"ELEMENT":"0.020591876931924435-14"}]}"
04:29:35.799 [Forwarding findElements on session e706d8b704bc606aee3a80ca5fbc96fa to remote] DEBUG org.apache.http.headers - http-outgoing-9 << HTTP/1.1 200 OK
04:29:35.799 [Forwarding findElements on session e706d8b704bc606aee3a80ca5fbc96fa to remote] DEBUG org.apache.http.headers - http-outgoing-9 << Content-Length:555
04:29:35.799 [Forwarding findElements on session e706d8b704bc606aee3a80ca5fbc96fa to remote] DEBUG org.apache.http.headers - http-outgoing-9 << Content-Type:application/json; charset=utf-8
04:29:35.799 [Forwarding findElements on session e706d8b704bc606aee3a80ca5fbc96fa to remote] DEBUG org.apache.http.headers - http-outgoing-9 << Connection:close
04:29:35.800 [Forwarding findElements on session e706d8b704bc606aee3a80ca5fbc96fa to remote] DEBUG org.apache.http.impl.conn.DefaultManagedHttpClientConnection - http-outgoing-9: Close connection
04:29:35.800 [Forwarding findElements on session e706d8b704bc606aee3a80ca5fbc96fa to remote] DEBUG org.apache.http.impl.execchain.MainClientExec - Connection discarded
04:29:35.800 [Forwarding findElements on session e706d8b704bc606aee3a80ca5fbc96fa to remote] DEBUG org.apache.http.impl.conn.PoolingHttpClientConnectionManager - Connection released: [id: 9][route: {}->http://localhost:17016][total kept alive: 0; route allocated: 0 of 2000; total allocated: 0 of 2000]
--------------------------------------
Elements Amounts : 13
04:29:35.809 [Forwarding getElementAttribute on session e706d8b704bc606aee3a80ca5fbc96fa to remote] DEBUG org.apache.http.client.protocol.RequestAddCookies - CookieSpec selected: default
04:29:35.809 [Forwarding getElementAttribute on session e706d8b704bc606aee3a80ca5fbc96fa to remote] DEBUG org.apache.http.client.protocol.RequestAuthCache - Auth cache not set in the context
04:29:35.809 [Forwarding getElementAttribute on session e706d8b704bc606aee3a80ca5fbc96fa to remote] DEBUG org.apache.http.impl.conn.PoolingHttpClientConnectionManager - Connection request: [route: {}->http://localhost:17016][total kept alive: 0; route allocated: 0 of 2000; total allocated: 0 of 2000]
04:29:35.810 [Forwarding getElementAttribute on session e706d8b704bc606aee3a80ca5fbc96fa to remote] DEBUG org.apache.http.impl.conn.PoolingHttpClientConnectionManager - Connection leased: [id: 10][route: {}->http://localhost:17016][total kept alive: 0; route allocated: 1 of 2000; total allocated: 1 of 2000]
04:29:35.810 [Forwarding getElementAttribute on session e706d8b704bc606aee3a80ca5fbc96fa to remote] DEBUG org.apache.http.impl.execchain.MainClientExec - Opening connection {}->http://localhost:17016
04:29:35.810 [Forwarding getElementAttribute on session e706d8b704bc606aee3a80ca5fbc96fa to remote] DEBUG org.apache.http.impl.conn.DefaultHttpClientConnectionOperator - Connecting to localhost/127.0.0.1:17016
04:29:35.810 [Forwarding getElementAttribute on session e706d8b704bc606aee3a80ca5fbc96fa to remote] DEBUG org.apache.http.impl.conn.DefaultHttpClientConnectionOperator - Connection established 127.0.0.1:50988<->127.0.0.1:17016
04:29:35.810 [Forwarding getElementAttribute on session e706d8b704bc606aee3a80ca5fbc96fa to remote] DEBUG org.apache.http.impl.conn.DefaultManagedHttpClientConnection - http-outgoing-10: set socket timeout to 10800000
04:29:35.810 [Forwarding getElementAttribute on session e706d8b704bc606aee3a80ca5fbc96fa to remote] DEBUG org.apache.http.impl.execchain.MainClientExec - Executing request GET /session/e706d8b704bc606aee3a80ca5fbc96fa/element/0.020591876931924435-2/attribute/href HTTP/1.1
[...]
04:29:55.491 [Forwarding getElementAttribute on session 2badcb3d-86fa-2846-b015-1b58bfebd796 to remote] DEBUG org.apache.http.wire - http-outgoing-25 << "HTTP/1.1 200 OK[\r][\n]"
04:29:55.491 [Forwarding getElementAttribute on session 2badcb3d-86fa-2846-b015-1b58bfebd796 to remote] DEBUG org.apache.http.wire - http-outgoing-25 << "Content-Type: application/json[\r][\n]"
04:29:55.491 [Forwarding getElementAttribute on session 2badcb3d-86fa-2846-b015-1b58bfebd796 to remote] DEBUG org.apache.http.wire - http-outgoing-25 << "Content-Length: 69[\r][\n]"
04:29:55.491 [Forwarding getElementAttribute on session 2badcb3d-86fa-2846-b015-1b58bfebd796 to remote] DEBUG org.apache.http.wire - http-outgoing-25 << "Connection: close[\r][\n]"
04:29:55.491 [Forwarding getElementAttribute on session 2badcb3d-86fa-2846-b015-1b58bfebd796 to remote] DEBUG org.apache.http.wire - http-outgoing-25 << "Date: Sun, 19 Feb 2017 12:29:55 GMT[\r][\n]"
04:29:55.492 [Forwarding getElementAttribute on session 2badcb3d-86fa-2846-b015-1b58bfebd796 to remote] DEBUG org.apache.http.wire - http-outgoing-25 << "[\r][\n]"
04:29:55.492 [Forwarding getElementAttribute on session 2badcb3d-86fa-2846-b015-1b58bfebd796 to remote] DEBUG org.apache.http.wire - http-outgoing-25 << "{"value":"https://github.com/SeleniumHQ/selenium/wiki/FirefoxDriver"}"
04:29:55.492 [Forwarding getElementAttribute on session 2badcb3d-86fa-2846-b015-1b58bfebd796 to remote] DEBUG org.apache.http.headers - http-outgoing-25 << HTTP/1.1 200 OK
04:29:55.492 [Forwarding getElementAttribute on session 2badcb3d-86fa-2846-b015-1b58bfebd796 to remote] DEBUG org.apache.http.headers - http-outgoing-25 << Content-Type: application/json
04:29:55.492 [Forwarding getElementAttribute on session 2badcb3d-86fa-2846-b015-1b58bfebd796 to remote] DEBUG org.apache.http.headers - http-outgoing-25 << Content-Length: 69
04:29:55.492 [Forwarding getElementAttribute on session 2badcb3d-86fa-2846-b015-1b58bfebd796 to remote] DEBUG org.apache.http.headers - http-outgoing-25 << Connection: close
04:29:55.492 [Forwarding getElementAttribute on session 2badcb3d-86fa-2846-b015-1b58bfebd796 to remote] DEBUG org.apache.http.headers - http-outgoing-25 << Date: Sun, 19 Feb 2017 12:29:55 GMT
04:29:55.493 [Forwarding getElementAttribute on session 2badcb3d-86fa-2846-b015-1b58bfebd796 to remote] DEBUG org.apache.http.impl.conn.DefaultManagedHttpClientConnection - http-outgoing-25: Close connection
04:29:55.493 [Forwarding getElementAttribute on session 2badcb3d-86fa-2846-b015-1b58bfebd796 to remote] DEBUG org.apache.http.impl.execchain.MainClientExec - Connection discarded
04:29:55.493 [Forwarding getElementAttribute on session 2badcb3d-86fa-2846-b015-1b58bfebd796 to remote] DEBUG org.apache.http.impl.conn.PoolingHttpClientConnectionManager - Connection released: [id: 25][route: {}->http://localhost:19694][total kept alive: 0; route allocated: 0 of 2000; total allocated: 0 of 2000]
04:29:55.495 [Forwarding get on session 2badcb3d-86fa-2846-b015-1b58bfebd796 to remote] DEBUG org.apache.http.client.protocol.RequestAddCookies - CookieSpec selected: default
04:29:55.495 [Forwarding get on session 2badcb3d-86fa-2846-b015-1b58bfebd796 to remote] DEBUG org.apache.http.client.protocol.RequestAuthCache - Auth cache not set in the context
04:29:55.495 [Forwarding get on session 2badcb3d-86fa-2846-b015-1b58bfebd796 to remote] DEBUG org.apache.http.impl.conn.PoolingHttpClientConnectionManager - Connection request: [route: {}->http://localhost:19694][total kept alive: 0; route allocated: 0 of 2000; total allocated: 0 of 2000]
04:29:55.495 [Forwarding get on session 2badcb3d-86fa-2846-b015-1b58bfebd796 to remote] DEBUG org.apache.http.impl.conn.PoolingHttpClientConnectionManager - Connection leased: [id: 26][route: {}->http://localhost:19694][total kept alive: 0; route allocated: 1 of 2000; total allocated: 1 of 2000]
04:29:55.495 [Forwarding get on session 2badcb3d-86fa-2846-b015-1b58bfebd796 to remote] DEBUG org.apache.http.impl.execchain.MainClientExec - Opening connection {}->http://localhost:19694
04:29:55.495 [Forwarding get on session 2badcb3d-86fa-2846-b015-1b58bfebd796 to remote] DEBUG org.apache.http.impl.conn.DefaultHttpClientConnectionOperator - Connecting to localhost/127.0.0.1:19694
04:29:55.496 [Forwarding get on session 2badcb3d-86fa-2846-b015-1b58bfebd796 to remote] DEBUG org.apache.http.impl.conn.DefaultHttpClientConnectionOperator - Connection established 127.0.0.1:51294<->127.0.0.1:19694
04:29:55.496 [Forwarding get on session 2badcb3d-86fa-2846-b015-1b58bfebd796 to remote] DEBUG org.apache.http.impl.conn.DefaultManagedHttpClientConnection - http-outgoing-26: set socket timeout to 10800000
04:29:55.496 [Forwarding get on session 2badcb3d-86fa-2846-b015-1b58bfebd796 to remote] DEBUG org.apache.http.impl.execchain.MainClientExec - Executing request POST /session/2badcb3d-86fa-2846-b015-1b58bfebd796/url HTTP/1.1
04:29:55.496 [Forwarding get on session 2badcb3d-86fa-2846-b015-1b58bfebd796 to remote] DEBUG org.apache.http.impl.execchain.MainClientExec - Target auth state: UNCHALLENGED
04:29:55.496 [Forwarding get on session 2badcb3d-86fa-2846-b015-1b58bfebd796 to remote] DEBUG org.apache.http.impl.execchain.MainClientExec - Proxy auth state: UNCHALLENGED
04:29:55.496 [Forwarding get on session 2badcb3d-86fa-2846-b015-1b58bfebd796 to remote] DEBUG org.apache.http.headers - http-outgoing-26 >> POST /session/2badcb3d-86fa-2846-b015-1b58bfebd796/url HTTP/1.1
04:29:55.496 [Forwarding get on session 2badcb3d-86fa-2846-b015-1b58bfebd796 to remote] DEBUG org.apache.http.headers - http-outgoing-26 >> Content-Type: application/json; charset=utf-8
04:29:55.496 [Forwarding get on session 2badcb3d-86fa-2846-b015-1b58bfebd796 to remote] DEBUG org.apache.http.headers - http-outgoing-26 >> Content-Length: 67
04:29:55.496 [Forwarding get on session 2badcb3d-86fa-2846-b015-1b58bfebd796 to remote] DEBUG org.apache.http.headers - http-outgoing-26 >> Host: localhost:19694
04:29:55.496 [Forwarding get on session 2badcb3d-86fa-2846-b015-1b58bfebd796 to remote] DEBUG org.apache.http.headers - http-outgoing-26 >> Connection: Keep-Alive
04:29:55.496 [Forwarding get on session 2badcb3d-86fa-2846-b015-1b58bfebd796 to remote] DEBUG org.apache.http.headers - http-outgoing-26 >> User-Agent: Apache-HttpClient/4.5.2 (Java/1.8.0_121)
04:29:55.496 [Forwarding get on session 2badcb3d-86fa-2846-b015-1b58bfebd796 to remote] DEBUG org.apache.http.headers - http-outgoing-26 >> Accept-Encoding: gzip,deflate
04:29:55.497 [Forwarding get on session 2badcb3d-86fa-2846-b015-1b58bfebd796 to remote] DEBUG org.apache.http.wire - http-outgoing-26 >> "POST /session/2badcb3d-86fa-2846-b015-1b58bfebd796/url HTTP/1.1[\r][\n]"
04:29:55.497 [Forwarding get on session 2badcb3d-86fa-2846-b015-1b58bfebd796 to remote] DEBUG org.apache.http.wire - http-outgoing-26 >> "Content-Type: application/json; charset=utf-8[\r][\n]"
04:29:55.497 [Forwarding get on session 2badcb3d-86fa-2846-b015-1b58bfebd796 to remote] DEBUG org.apache.http.wire - http-outgoing-26 >> "Content-Length: 67[\r][\n]"
04:29:55.497 [Forwarding get on session 2badcb3d-86fa-2846-b015-1b58bfebd796 to remote] DEBUG org.apache.http.wire - http-outgoing-26 >> "Host: localhost:19694[\r][\n]"
04:29:55.497 [Forwarding get on session 2badcb3d-86fa-2846-b015-1b58bfebd796 to remote] DEBUG org.apache.http.wire - http-outgoing-26 >> "Connection: Keep-Alive[\r][\n]"
04:29:55.497 [Forwarding get on session 2badcb3d-86fa-2846-b015-1b58bfebd796 to remote] DEBUG org.apache.http.wire - http-outgoing-26 >> "User-Agent: Apache-HttpClient/4.5.2 (Java/1.8.0_121)[\r][\n]"
04:29:55.497 [Forwarding get on session 2badcb3d-86fa-2846-b015-1b58bfebd796 to remote] DEBUG org.apache.http.wire - http-outgoing-26 >> "Accept-Encoding: gzip,deflate[\r][\n]"
04:29:55.497 [Forwarding get on session 2badcb3d-86fa-2846-b015-1b58bfebd796 to remote] DEBUG org.apache.http.wire - http-outgoing-26 >> "[\r][\n]"
04:29:55.497 [Forwarding get on session 2badcb3d-86fa-2846-b015-1b58bfebd796 to remote] DEBUG org.apache.http.wire - http-outgoing-26 >> "{"url":"https://github.com/SeleniumHQ/selenium/wiki/FirefoxDriver"}"
04:30:03.146 [Forwarding get on session 2badcb3d-86fa-2846-b015-1b58bfebd796 to remote] DEBUG org.apache.http.wire - http-outgoing-26 << "HTTP/1.1 200 OK[\r][\n]"
04:30:03.147 [Forwarding get on session 2badcb3d-86fa-2846-b015-1b58bfebd796 to remote] DEBUG org.apache.http.wire - http-outgoing-26 << "Connection: close[\r][\n]"
04:30:03.147 [Forwarding get on session 2badcb3d-86fa-2846-b015-1b58bfebd796 to remote] DEBUG org.apache.http.wire - http-outgoing-26 << "Content-Length: 2[\r][\n]"
04:30:03.147 [Forwarding get on session 2badcb3d-86fa-2846-b015-1b58bfebd796 to remote] DEBUG org.apache.http.wire - http-outgoing-26 << "Date: Sun, 19 Feb 2017 12:30:03 GMT[\r][\n]"
04:30:03.147 [Forwarding get on session 2badcb3d-86fa-2846-b015-1b58bfebd796 to remote] DEBUG org.apache.http.wire - http-outgoing-26 << "Content-Type: application/json[\r][\n]"
04:30:03.147 [Forwarding get on session 2badcb3d-86fa-2846-b015-1b58bfebd796 to remote] DEBUG org.apache.http.wire - http-outgoing-26 << "[\r][\n]"
04:30:03.147 [Forwarding get on session 2badcb3d-86fa-2846-b015-1b58bfebd796 to remote] DEBUG org.apache.http.wire - http-outgoing-26 << "{}"
04:30:03.147 [Forwarding get on session 2badcb3d-86fa-2846-b015-1b58bfebd796 to remote] DEBUG org.apache.http.headers - http-outgoing-26 << HTTP/1.1 200 OK
04:30:03.147 [Forwarding get on session 2badcb3d-86fa-2846-b015-1b58bfebd796 to remote] DEBUG org.apache.http.headers - http-outgoing-26 << Connection: close
04:30:03.147 [Forwarding get on session 2badcb3d-86fa-2846-b015-1b58bfebd796 to remote] DEBUG org.apache.http.headers - http-outgoing-26 << Content-Length: 2
04:30:03.147 [Forwarding get on session 2badcb3d-86fa-2846-b015-1b58bfebd796 to remote] DEBUG org.apache.http.headers - http-outgoing-26 << Date: Sun, 19 Feb 2017 12:30:03 GMT
04:30:03.147 [Forwarding get on session 2badcb3d-86fa-2846-b015-1b58bfebd796 to remote] DEBUG org.apache.http.headers - http-outgoing-26 << Content-Type: application/json
04:30:03.147 [Forwarding get on session 2badcb3d-86fa-2846-b015-1b58bfebd796 to remote] DEBUG org.apache.http.impl.conn.DefaultManagedHttpClientConnection - http-outgoing-26: Close connection
04:30:03.148 [Forwarding get on session 2badcb3d-86fa-2846-b015-1b58bfebd796 to remote] DEBUG org.apache.http.impl.execchain.MainClientExec - Connection discarded
04:30:03.148 [Forwarding get on session 2badcb3d-86fa-2846-b015-1b58bfebd796 to remote] DEBUG org.apache.http.impl.conn.PoolingHttpClientConnectionManager - Connection released: [id: 26][route: {}->http://localhost:19694][total kept alive: 0; route allocated: 0 of 2000; total allocated: 0 of 2000]

[Info] You shall be searching FireFoxDriver on google using FireFox~!

04:30:03.150 [Forwarding quit on session 2badcb3d-86fa-2846-b015-1b58bfebd796 to remote] DEBUG org.apache.http.client.protocol.RequestAddCookies - CookieSpec selected: default
04:30:03.150 [Forwarding quit on session 2badcb3d-86fa-2846-b015-1b58bfebd796 to remote] DEBUG org.apache.http.client.protocol.RequestAuthCache - Auth cache not set in the context
04:30:03.150 [Forwarding quit on session 2badcb3d-86fa-2846-b015-1b58bfebd796 to remote] DEBUG org.apache.http.impl.conn.PoolingHttpClientConnectionManager - Connection request: [route: {}->http://localhost:19694][total kept alive: 0; route allocated: 0 of 2000; total allocated: 0 of 2000]
04:30:03.151 [Forwarding quit on session 2badcb3d-86fa-2846-b015-1b58bfebd796 to remote] DEBUG org.apache.http.impl.conn.PoolingHttpClientConnectionManager - Connection leased: [id: 27][route: {}->http://localhost:19694][total kept alive: 0; route allocated: 1 of 2000; total allocated: 1 of 2000]
04:30:03.151 [Forwarding quit on session 2badcb3d-86fa-2846-b015-1b58bfebd796 to remote] DEBUG org.apache.http.impl.execchain.MainClientExec - Opening connection {}->http://localhost:19694
04:30:03.151 [Forwarding quit on session 2badcb3d-86fa-2846-b015-1b58bfebd796 to remote] DEBUG org.apache.http.impl.conn.DefaultHttpClientConnectionOperator - Connecting to localhost/127.0.0.1:19694
04:30:03.152 [Forwarding quit on session 2badcb3d-86fa-2846-b015-1b58bfebd796 to remote] DEBUG org.apache.http.impl.conn.DefaultHttpClientConnectionOperator - Connection established 127.0.0.1:51306<->127.0.0.1:19694
04:30:03.152 [Forwarding quit on session 2badcb3d-86fa-2846-b015-1b58bfebd796 to remote] DEBUG org.apache.http.impl.conn.DefaultManagedHttpClientConnection - http-outgoing-27: set socket timeout to 10800000
04:30:03.152 [Forwarding quit on session 2badcb3d-86fa-2846-b015-1b58bfebd796 to remote] DEBUG org.apache.http.impl.execchain.MainClientExec - Executing request DELETE /session/2badcb3d-86fa-2846-b015-1b58bfebd796 HTTP/1.1
04:30:03.152 [Forwarding quit on session 2badcb3d-86fa-2846-b015-1b58bfebd796 to remote] DEBUG org.apache.http.impl.execchain.MainClientExec - Target auth state: UNCHALLENGED
04:30:03.152 [Forwarding quit on session 2badcb3d-86fa-2846-b015-1b58bfebd796 to remote] DEBUG org.apache.http.impl.execchain.MainClientExec - Proxy auth state: UNCHALLENGED
04:30:03.152 [Forwarding quit on session 2badcb3d-86fa-2846-b015-1b58bfebd796 to remote] DEBUG org.apache.http.headers - http-outgoing-27 >> DELETE /session/2badcb3d-86fa-2846-b015-1b58bfebd796 HTTP/1.1
04:30:03.152 [Forwarding quit on session 2badcb3d-86fa-2846-b015-1b58bfebd796 to remote] DEBUG org.apache.http.headers - http-outgoing-27 >> Host: localhost:19694
04:30:03.152 [Forwarding quit on session 2badcb3d-86fa-2846-b015-1b58bfebd796 to remote] DEBUG org.apache.http.headers - http-outgoing-27 >> Connection: Keep-Alive
04:30:03.152 [Forwarding quit on session 2badcb3d-86fa-2846-b015-1b58bfebd796 to remote] DEBUG org.apache.http.headers - http-outgoing-27 >> User-Agent: Apache-HttpClient/4.5.2 (Java/1.8.0_121)
04:30:03.152 [Forwarding quit on session 2badcb3d-86fa-2846-b015-1b58bfebd796 to remote] DEBUG org.apache.http.headers - http-outgoing-27 >> Accept-Encoding: gzip,deflate
04:30:03.152 [Forwarding quit on session 2badcb3d-86fa-2846-b015-1b58bfebd796 to remote] DEBUG org.apache.http.wire - http-outgoing-27 >> "DELETE /session/2badcb3d-86fa-2846-b015-1b58bfebd796 HTTP/1.1[\r][\n]"
04:30:03.152 [Forwarding quit on session 2badcb3d-86fa-2846-b015-1b58bfebd796 to remote] DEBUG org.apache.http.wire - http-outgoing-27 >> "Host: localhost:19694[\r][\n]"
04:30:03.152 [Forwarding quit on session 2badcb3d-86fa-2846-b015-1b58bfebd796 to remote] DEBUG org.apache.http.wire - http-outgoing-27 >> "Connection: Keep-Alive[\r][\n]"
04:30:03.152 [Forwarding quit on session 2badcb3d-86fa-2846-b015-1b58bfebd796 to remote] DEBUG org.apache.http.wire - http-outgoing-27 >> "User-Agent: Apache-HttpClient/4.5.2 (Java/1.8.0_121)[\r][\n]"
04:30:03.152 [Forwarding quit on session 2badcb3d-86fa-2846-b015-1b58bfebd796 to remote] DEBUG org.apache.http.wire - http-outgoing-27 >> "Accept-Encoding: gzip,deflate[\r][\n]"
04:30:03.152 [Forwarding quit on session 2badcb3d-86fa-2846-b015-1b58bfebd796 to remote] DEBUG org.apache.http.wire - http-outgoing-27 >> "[\r][\n]"
04:30:03.265 [Forwarding quit on session 2badcb3d-86fa-2846-b015-1b58bfebd796 to remote] DEBUG org.apache.http.wire - http-outgoing-27 << "HTTP/1.1 200 OK[\r][\n]"
04:30:03.265 [Forwarding quit on session 2badcb3d-86fa-2846-b015-1b58bfebd796 to remote] DEBUG org.apache.http.wire - http-outgoing-27 << "Connection: close[\r][\n]"
04:30:03.265 [Forwarding quit on session 2badcb3d-86fa-2846-b015-1b58bfebd796 to remote] DEBUG org.apache.http.wire - http-outgoing-27 << "Content-Type: application/json[\r][\n]"
04:30:03.265 [Forwarding quit on session 2badcb3d-86fa-2846-b015-1b58bfebd796 to remote] DEBUG org.apache.http.wire - http-outgoing-27 << "Content-Length: 2[\r][\n]"
04:30:03.265 [Forwarding quit on session 2badcb3d-86fa-2846-b015-1b58bfebd796 to remote] DEBUG org.apache.http.wire - http-outgoing-27 << "Date: Sun, 19 Feb 2017 12:30:03 GMT[\r][\n]"
04:30:03.265 [Forwarding quit on session 2badcb3d-86fa-2846-b015-1b58bfebd796 to remote] DEBUG org.apache.http.wire - http-outgoing-27 << "[\r][\n]"
04:30:03.265 [Forwarding quit on session 2badcb3d-86fa-2846-b015-1b58bfebd796 to remote] DEBUG org.apache.http.wire - http-outgoing-27 << "{}"
04:30:03.265 [Forwarding quit on session 2badcb3d-86fa-2846-b015-1b58bfebd796 to remote] DEBUG org.apache.http.headers - http-outgoing-27 << HTTP/1.1 200 OK
04:30:03.265 [Forwarding quit on session 2badcb3d-86fa-2846-b015-1b58bfebd796 to remote] DEBUG org.apache.http.headers - http-outgoing-27 << Connection: close
04:30:03.265 [Forwarding quit on session 2badcb3d-86fa-2846-b015-1b58bfebd796 to remote] DEBUG org.apache.http.headers - http-outgoing-27 << Content-Type: application/json
04:30:03.266 [Forwarding quit on session 2badcb3d-86fa-2846-b015-1b58bfebd796 to remote] DEBUG org.apache.http.headers - http-outgoing-27 << Content-Length: 2
04:30:03.266 [Forwarding quit on session 2badcb3d-86fa-2846-b015-1b58bfebd796 to remote] DEBUG org.apache.http.headers - http-outgoing-27 << Date: Sun, 19 Feb 2017 12:30:03 GMT
04:30:03.266 [Forwarding quit on session 2badcb3d-86fa-2846-b015-1b58bfebd796 to remote] DEBUG org.apache.http.impl.conn.DefaultManagedHttpClientConnection - http-outgoing-27: Close connection
04:30:03.266 [Forwarding quit on session 2badcb3d-86fa-2846-b015-1b58bfebd796 to remote] DEBUG org.apache.http.impl.execchain.MainClientExec - Connection discarded
04:30:03.266 [Forwarding quit on session 2badcb3d-86fa-2846-b015-1b58bfebd796 to remote] DEBUG org.apache.http.impl.conn.PoolingHttpClientConnectionManager - Connection released: [id: 27][route: {}->http://localhost:19694][total kept alive: 0; route allocated: 0 of 2000; total allocated: 0 of 2000]
04:30:03.267 [Forwarding quit on session 2badcb3d-86fa-2846-b015-1b58bfebd796 to remote] DEBUG org.apache.http.impl.conn.PoolingHttpClientConnectionManager - Closing connections idle longer than 0 SECONDS
]]></system-out>
  <system-err><![CDATA[Starting ChromeDriver 2.25.426935 (820a95b0b81d33e42712f9198c215f703412e1a1) on port 17016
Only local connections are allowed.
Feb 19, 2017 4:29:21 AM org.openqa.selenium.remote.ProtocolHandshake createSession
INFO: Attempting bi-dialect session, assuming Postel's Law holds true on the remote end
Feb 19, 2017 4:29:26 AM org.openqa.selenium.remote.ProtocolHandshake createSession
INFO: Detected dialect: OSS
1487507380798	geckodriver	INFO	Listening on 127.0.0.1:19694
Feb 19, 2017 4:29:40 AM org.openqa.selenium.remote.ProtocolHandshake createSession
INFO: Attempting bi-dialect session, assuming Postel's Law holds true on the remote end
1487507380838	mozprofile::profile	INFO	Using profile path /var/folders/d6/lnrxqp194zn2c1g3_02j1pdh0000gn/T/rust_mozprofile.sLKfrZSMLD1M
1487507380839	geckodriver::marionette	INFO	Starting browser /Applications/Firefox.app/Contents/MacOS/firefox-bin
1487507380844	geckodriver::marionette	INFO	Connecting to Marionette on localhost:51250
[warn] kq_init: detected broken kqueue; not using.: Undefined error: 0
1487507382307	Marionette	INFO	Listening on port 51250
Feb 19, 2017 4:29:44 AM org.openqa.selenium.remote.ProtocolHandshake createSession
INFO: Detected dialect: W3C
JavaScript warning: https://normandy-cloudfront.cdn.mozilla.net/static/bundles/selfrepair-a26c82c370850b1be72d.052381136c5c.js, line 7: mutating the [[Prototype]] of an object will cause your code to run very slowly; instead create the object with the correct initial [[Prototype]] value using Object.create
JavaScript warning: https://assets-cdn.github.com/assets/frameworks-506169cb2fe76254b921e8c944dd406e5cab2d719e657eace8ada98486231472.js, line 1: mutating the [[Prototype]] of an object will cause your code to run very slowly; instead create the object with the correct initial [[Prototype]] value using Object.create
]]></system-err>
</testsuite>
