<?xml version='1.0' encoding='UTF-8'?>
<testsuite name="JUnit Jupiter" tests="2" skipped="0" failures="0" errors="0" time="55.734" hostname="tastypotinc.private" timestamp="2016-12-08T01:00:46">
<properties>
[...]
</properties>
<testcase name="myFirstTest()" classname="Java8_Tests.ClassTest.Junit5_JupiterTest" time="0.014">
<system-out><![CDATA[
unique-id: [engine:junit-jupiter]/[class:Java8_Tests.ClassTest.Junit5_JupiterTest]/[method:myFirstTest()]
display-name: myFirstTest()
]]></system-out>
</testcase>
<testcase name="testRestByJunit()" classname="org.raliclo.WordCountWeb.RestAPI.SpringJunit5.Spring_WordCountSite_JunitTest" time="2.906">
<system-out><![CDATA[
unique-id: [engine:junit-jupiter]/[class:org.raliclo.WordCountWeb.RestAPI.SpringJunit5.Spring_WordCountSite_JunitTest]/[method:testRestByJunit()]
display-name: testRestByJunit()
]]></system-out>
</testcase>
<system-out><![CDATA[
unique-id: [engine:junit-jupiter]
display-name: JUnit Jupiter
]]></system-out>
</testsuite>
