<?xml version="1.0" encoding="UTF-8"?>
<!-- Generated by org.testng.reporters.JUnitXMLReporter -->
<testsuite hostname="tastypotinc.private" name="Command line test" tests="4" failures="0" timestamp="11 Sep 2016 00:50:29 GMT" time="0.147" errors="0">
  <testcase name="verifyEasy" time="0.026" classname="ScalaTest.ShouldBeTest"/>
  <testcase name="verifyException" time="0.011" classname="ScalaTest.ShouldBeTest"/>
  <testcase name="verifyFun" time="0.028" classname="ScalaTest.ShouldBeTest"/>
  <testcase name="verifyShould" time="0.005" classname="ScalaTest.ShouldBeTest"/>
</testsuite> <!-- Command line test -->
